runcpu v5825 started at 2022-06-26 11:51:07 on "kparun-kd222"
runcpu is: /home/gem5/spec2017/bin/harness/runcpu
runcpu: runcpu --config=myconfig.x86.cfg --action=build 605.mcf_s
toolset: linux-x86_64

Locating benchmarks...found 47 benchmarks in 53 benchsets.
Reading config file '/home/gem5/spec2017/config/myconfig.x86.cfg'

1 configuration selected:

Action   Benchmarks
------   ----------------------------------------------------------------------
build    605.mcf_s                                                             
-------------------------------------------------------------------------------

Setting up environment for running 605.mcf_s...
Starting runcpu for 605.mcf_s...
Retrieving flags file (/home/gem5/spec2017/config/flags/gcc.xml)...
Verbosity = 5
Action    = build
Tune      = base
Label     = mytest-m64
Size      = refspeed
benchmarks= 605.mcf_s
outputs   = txt,html,cfg,pdf,csv
username  = root
Environment settings:
LD_LIBRARY_PATH = "%{gcc_dir}/lib64/:%{gcc_dir}/lib/:/lib64"

Benchmarks selected: 605.mcf_s
When checking executables (/home/gem5/spec2017/benchspec/CPU/605.mcf_s/exe/mcf_s_base.mytest-m64), no checksums were
  found in the config file.  They will be installed after build.
When checking executables (/home/gem5/spec2017/benchspec/CPU/605.mcf_s/exe/mcf_s_base.mytest-m64), no checksums were
  found in the config file.  They will be installed after build.
Compiling Binaries
------------------------------------------------------------------------
When checking options for /home/gem5/spec2017/benchspec/CPU/605.mcf_s/exe/mcf_s_base.mytest-m64, no checksums were
  found in the config file.  They will be installed after build.
When checking executables (/home/gem5/spec2017/benchspec/CPU/605.mcf_s/exe/mcf_s_base.mytest-m64), no checksums were
  found in the config file.  They will be installed after build.
  Building 605.mcf_s base mytest-m64: (build_base_mytest-m64.0000) [2022-06-26 11:51:08]
Wrote to makefile '/home/gem5/spec2017/benchspec/CPU/605.mcf_s/build/build_base_mytest-m64.0000/Makefile.deps':
# End dependencies
# These are the build dependencies
Wrote to makefile '/home/gem5/spec2017/benchspec/CPU/605.mcf_s/build/build_base_mytest-m64.0000/Makefile.spec':
TUNE=base
LABEL=mytest-m64
NUMBER=605
NAME=mcf_s
SOURCES= mcf.c mcfutil.c readmin.c implicit.c pstart.c output.c treeup.c \
	 pbla.c pflowup.c psimplex.c pbeampp.c spec_qsort/spec_qsort.c
EXEBASE=mcf_s
NEED_MATH=yes
BENCHLANG=C
BENCH_CFLAGS     = -Ispec_qsort -DSPEC_AUTO_SUPPRESS_OPENMP
CC               = /usr/bin/gcc     -std=c99   -m64
CC_VERSION_OPTION = -v
CXX              = /usr/bin/g++                -m64
CXX_VERSION_OPTION = -v
EXTRA_COPTIMIZE  = -fno-strict-aliasing
EXTRA_OPTIMIZE   = -fopenmp -DSPEC_OPENMP
EXTRA_PORTABILITY = -DSPEC_LP64
FC               = /usr/bin/gfortran           -m64
FC_VERSION_OPTION = -v
LDCFLAGS         = -z muldefs
OPTIMIZE         = -g -O3  -fno-unsafe-math-optimizations  -fno-tree-loop-vectorize
OS               = unix
SPECLANG         = /usr/lib/gcc/x86_64-linux-gnu/7//bin/
absolutely_no_locking = 0
abstol           = 
action           = build
allow_label_override = 0
backup_config    = 1
baseexe          = mcf_s
basepeak         = 0
benchdir         = benchspec
benchmark        = 605.mcf_s
binary           = 
bindir           = exe
builddir         = build
bundleaction     = 
bundlename       = 
calctol          = 1
changedhash      = 0
check_version    = 0
clean_between_builds = no
command_add_redirect = 1
commanderrfile   = speccmds.err
commandexe       = mcf_s_base.mytest-m64
commandfile      = speccmds.cmd
commandoutfile   = speccmds.out
commandstdoutfile = speccmds.stdout
comparedir       = compare
compareerrfile   = compare.err
comparefile      = compare.cmd
compareoutfile   = compare.out
comparestdoutfile = compare.stdout
compile_error    = 0
compwhite        = 
configdir        = config
configfile       = myconfig.x86.cfg
configpath       = /home/gem5/spec2017/config/myconfig.x86.cfg
copies           = 1
current_range    = 
datadir          = data
default_size     = ref
default_submit   = $command
delay            = 0
deletebinaries   = 0
deletework       = 0
dependent_workloads = 0
device           = 
difflines        = 10
dirprot          = 511
discard_power_samples = 0
enable_monitor   = 1
endian           = 12345678
env_vars         = 0
expand_notes     = 0
expid            = 
exthash_bits     = 256
failflags        = 0
fake             = 0
feedback         = 1
flag_url_base    = https://www.spec.org/auto/cpu2017/Docs/benchmarks/flags/
floatcompare     = 
force_monitor    = 0
from_runcpu      = 2
fw_bios          = 
hostname         = kparun-kd222
http_proxy       = 
http_timeout     = 30
hw_avail         = 
hw_cpu_max_mhz   = 
hw_cpu_nominal_mhz = 
hw_model         = 
hw_ncores        = 
hw_ncpuorder     = 
hw_nthreadspercore = 
hw_ocache        = 
hw_other         = 
hw_pcache        = 
hw_scache        = 
hw_tcache        = 
hw_vendor        = My Corporation
idle_current_range = 
idledelay        = 10
idleduration     = 60
ignore_errors    = 1
ignore_sigint    = 0
ignorecase       = 
info_wrap_columns = 50
inputdir         = input
inputgenerrfile  = inputgen.err
inputgenfile     = inputgen.cmd
inputgenoutfile  = inputgen.out
inputgenstdoutfile = inputgen.stdout
iteration        = -1
iterations       = 1
keeptmp          = 0
label            = mytest-m64
license_num      = nnn (Your SPEC license number)
line_width       = 1020
link_input_files = 1
locking          = 1
log              = CPU2017
log_line_width   = 1020
log_timestamp    = 0
logfile          = /home/gem5/spec2017/tmp/CPU2017.002/templogs/preenv.intspeed.002.0
logname          = /home/gem5/spec2017/tmp/CPU2017.002/templogs/preenv.intspeed.002.0
lognum           = 002.0
mail_reports     = all
mailcompress     = 0
mailmethod       = smtp
mailport         = 25
mailserver       = 127.0.0.1
mailto           = 
make             = specmake
make_no_clobber  = 0
makefile_template = Makefile.YYYtArGeTYYYspec
makeflags        = --jobs=8
max_average_uncertainty = 1
max_hum_limit    = 0
max_report_runs  = 3
max_unknown_uncertainty = 1
mean_anyway      = 1
meter_connect_timeout = 30
meter_errors_default = 5
meter_errors_percentage = 5
min_report_runs  = 2
min_temp_limit   = 20
minimize_builddirs = 0
minimize_rundirs = 0
name             = mcf_s
nansupport       = 
need_math        = yes
no_input_handler = close
no_monitor       = 
noratios         = 0
note_preenv      = 1
notes_wrap_columns = 0
notes_wrap_indent =   
num              = 605
obiwan           = 
os_exe_ext       = 
output_format    = txt,html,cfg,pdf,csv
output_root      = 
outputdir        = output
parallel_test    = 0
parallel_test_submit = 0
parallel_test_workloads = 
path             = /home/gem5/spec2017/benchspec/CPU/605.mcf_s
plain_train      = 1
platform         = 
power            = 0
preENV_LD_LIBRARY_PATH = %{gcc_dir}/lib64/:%{gcc_dir}/lib/:/lib64
preenv           = 0
prefix           = 
ranks            = 1
rawhash_bits     = 256
rebuild          = 0
reftime          = reftime
reltol           = 
reportable       = 0
resultdir        = result
review           = 0
run              = all
runcpu           = /home/gem5/spec2017/bin/harness/runcpu --configfile myconfig.x86.cfg --action build --noreportable --nopower --runmode speed --tune base --size refspeed 605.mcf_s --nopreenv --note-preenv --logfile /home/gem5/spec2017/tmp/CPU2017.002/templogs/preenv.intspeed.002.0 --lognum 002.0 --from_runcpu 2
rundir           = run
runmode          = speed
safe_eval        = 1
save_build_files = 
section_specifier_fatal = 1
setprocgroup     = 1
setup_error      = 0
sigint           = 2
size             = refspeed
size_class       = ref
skipabstol       = 
skipobiwan       = 
skipreltol       = 
skiptol          = 
smarttune        = base
specdiff         = specdiff
specrun          = specinvoke
srcalt           = 
srcdir           = src
srcsource        = /home/gem5/spec2017/benchspec/CPU/505.mcf_r/src
stagger          = 10
strict_rundir_verify = 1
sw_avail         = 
sw_base_ptrsize  = 64-bit
sw_compiler001   = C/C++/Fortran: Version 6.2.0 of GCC, the
sw_compiler002   = GNU Compiler Collection
sw_other         = 
sw_peak_ptrsize  = 64-bit
sysinfo_hash_bits = 256
sysinfo_program  = 
sysinfo_program_hash = 
table            = 1
teeout           = 0
test_date        = Jun-2022
test_sponsor     = My Corporation
tester           = My Corporation
threads          = 4
top              = /home/gem5/spec2017
train_single_thread = 0
train_with       = train
tune             = base
uid              = 0
unbuffer         = 1
uncertainty_exception = 5
update           = 0
update_url       = http://www.spec.org/auto/cpu2017/updates/
use_submit_for_compare = 0
use_submit_for_speed = 0
username         = root
verbose          = 5
verify_binaries  = 1
version          = 0.905000
version_url      = http://www.spec.org/auto/cpu2017/current_version
voltage_range    = 
worklist         = list
OUTPUT_RMFILES   = inp.out mcf.out
  Compile for '605.mcf_s' started at: 2022-06-26 11:51:08 (1656258668)
Issuing make.clean command 'specmake --output-sync --jobs=8 clean'
Start make.clean command: 2022-06-26 11:51:08 (1656258668.56488)
rm -rf *.o  inp.out mcf.out
find . \( -name \*.o -o -name '*.fppized.f*' -o -name '*.i' -o -name '*.mod' \) -print | xargs rm -rf
rm -rf mcf_s
rm -rf mcf_s.exe
rm -rf core
Stop make.clean command: 2022-06-26 11:51:08 (1656258668.72824)
Elapsed time for make.clean command: 00:00:00 (0.163358211517334)
Issuing make command 'specmake --output-sync --jobs=8 build'
Start make command: 2022-06-26 11:51:08 (1656258668.72893)
/usr/bin/gcc     -std=c99   -m64 -c -o treeup.o -DSPEC -DNDEBUG  -Ispec_qsort -DSPEC_AUTO_SUPPRESS_OPENMP -g -O3  -fno-unsafe-math-optimizations  -fno-tree-loop-vectorize           -fopenmp -DSPEC_OPENMP -fno-strict-aliasing   -DSPEC_LP64  treeup.c
/usr/bin/gcc     -std=c99   -m64 -c -o output.o -DSPEC -DNDEBUG  -Ispec_qsort -DSPEC_AUTO_SUPPRESS_OPENMP -g -O3  -fno-unsafe-math-optimizations  -fno-tree-loop-vectorize           -fopenmp -DSPEC_OPENMP -fno-strict-aliasing   -DSPEC_LP64  output.c
/usr/bin/gcc     -std=c99   -m64 -c -o mcf.o -DSPEC -DNDEBUG  -Ispec_qsort -DSPEC_AUTO_SUPPRESS_OPENMP -g -O3  -fno-unsafe-math-optimizations  -fno-tree-loop-vectorize           -fopenmp -DSPEC_OPENMP -fno-strict-aliasing   -DSPEC_LP64  mcf.c
/usr/bin/gcc     -std=c99   -m64 -c -o mcfutil.o -DSPEC -DNDEBUG  -Ispec_qsort -DSPEC_AUTO_SUPPRESS_OPENMP -g -O3  -fno-unsafe-math-optimizations  -fno-tree-loop-vectorize           -fopenmp -DSPEC_OPENMP -fno-strict-aliasing   -DSPEC_LP64  mcfutil.c
/usr/bin/gcc     -std=c99   -m64 -c -o pstart.o -DSPEC -DNDEBUG  -Ispec_qsort -DSPEC_AUTO_SUPPRESS_OPENMP -g -O3  -fno-unsafe-math-optimizations  -fno-tree-loop-vectorize           -fopenmp -DSPEC_OPENMP -fno-strict-aliasing   -DSPEC_LP64  pstart.c
/usr/bin/gcc     -std=c99   -m64 -c -o pbla.o -DSPEC -DNDEBUG  -Ispec_qsort -DSPEC_AUTO_SUPPRESS_OPENMP -g -O3  -fno-unsafe-math-optimizations  -fno-tree-loop-vectorize           -fopenmp -DSPEC_OPENMP -fno-strict-aliasing   -DSPEC_LP64  pbla.c
/usr/bin/gcc     -std=c99   -m64 -c -o readmin.o -DSPEC -DNDEBUG  -Ispec_qsort -DSPEC_AUTO_SUPPRESS_OPENMP -g -O3  -fno-unsafe-math-optimizations  -fno-tree-loop-vectorize           -fopenmp -DSPEC_OPENMP -fno-strict-aliasing   -DSPEC_LP64  readmin.c
readmin.c: In function 'read_min':
readmin.c:44:5: warning: ignoring return value of 'fgets', declared with attribute warn_unused_result [-Wunused-result]
     fgets( instring, 200, in );
     ^~~~~~~~~~~~~~~~~~~~~~~~~~
readmin.c:129:9: warning: ignoring return value of 'fgets', declared with attribute warn_unused_result [-Wunused-result]
         fgets( instring, 200, in );
         ^~~~~~~~~~~~~~~~~~~~~~~~~~
readmin.c:183:9: warning: ignoring return value of 'fgets', declared with attribute warn_unused_result [-Wunused-result]
         fgets( instring, 200, in );
         ^~~~~~~~~~~~~~~~~~~~~~~~~~
/usr/bin/gcc     -std=c99   -m64 -c -o pflowup.o -DSPEC -DNDEBUG  -Ispec_qsort -DSPEC_AUTO_SUPPRESS_OPENMP -g -O3  -fno-unsafe-math-optimizations  -fno-tree-loop-vectorize           -fopenmp -DSPEC_OPENMP -fno-strict-aliasing   -DSPEC_LP64  pflowup.c
/usr/bin/gcc     -std=c99   -m64 -c -o pbeampp.o -DSPEC -DNDEBUG  -Ispec_qsort -DSPEC_AUTO_SUPPRESS_OPENMP -g -O3  -fno-unsafe-math-optimizations  -fno-tree-loop-vectorize           -fopenmp -DSPEC_OPENMP -fno-strict-aliasing   -DSPEC_LP64  pbeampp.c
/usr/bin/gcc     -std=c99   -m64 -c -o psimplex.o -DSPEC -DNDEBUG  -Ispec_qsort -DSPEC_AUTO_SUPPRESS_OPENMP -g -O3  -fno-unsafe-math-optimizations  -fno-tree-loop-vectorize           -fopenmp -DSPEC_OPENMP -fno-strict-aliasing   -DSPEC_LP64  psimplex.c
/usr/bin/gcc     -std=c99   -m64 -c -o implicit.o -DSPEC -DNDEBUG  -Ispec_qsort -DSPEC_AUTO_SUPPRESS_OPENMP -g -O3  -fno-unsafe-math-optimizations  -fno-tree-loop-vectorize           -fopenmp -DSPEC_OPENMP -fno-strict-aliasing   -DSPEC_LP64  implicit.c
/usr/bin/gcc     -std=c99   -m64 -c -o spec_qsort/spec_qsort.o -DSPEC -DNDEBUG  -Ispec_qsort -DSPEC_AUTO_SUPPRESS_OPENMP -g -O3  -fno-unsafe-math-optimizations  -fno-tree-loop-vectorize           -fopenmp -DSPEC_OPENMP -fno-strict-aliasing   -DSPEC_LP64  spec_qsort/spec_qsort.c
/usr/bin/gcc     -std=c99   -m64  -z muldefs    -g -O3  -fno-unsafe-math-optimizations  -fno-tree-loop-vectorize        -fopenmp -DSPEC_OPENMP -fno-strict-aliasing mcf.o mcfutil.o readmin.o implicit.o pstart.o output.o treeup.o pbla.o pflowup.o psimplex.o pbeampp.o spec_qsort/spec_qsort.o             -lm         -o mcf_s  
Stop make command: 2022-06-26 11:51:10 (1656258670.00931)
Elapsed time for make command: 00:00:01 (1.28038501739502)
Issuing options command 'specmake --output-sync --jobs=8 options'
Start options command: 2022-06-26 11:51:10 (1656258670.01006)
COMP: "/usr/bin/gcc     -std=c99   -m64 -c -o options.o -DSPEC -DNDEBUG  -Ispec_qsort -DSPEC_AUTO_SUPPRESS_OPENMP -g -O3  -fno-unsafe-math-optimizations  -fno-tree-loop-vectorize           -fopenmp -DSPEC_OPENMP -fno-strict-aliasing   -DSPEC_LP64  <source>"
C: CC="/usr/bin/gcc     -std=c99   -m64"
C: COBJOPT="-c -o options"
P: CPUFLAGS="-DSPEC -DNDEBUG"
P: BENCH_FLAGS=""
P: BENCH_CFLAGS="-Ispec_qsort -DSPEC_AUTO_SUPPRESS_OPENMP"
O: OPTIMIZE="-g -O3  -fno-unsafe-math-optimizations  -fno-tree-loop-vectorize"
O: COPTIMIZE=""
P: PORTABILITY=""
P: CPORTABILITY=""
O: EXTRA_CFLAGS=""
O: EXTRA_OPTIMIZE="-fopenmp -DSPEC_OPENMP"
O: EXTRA_COPTIMIZE="-fno-strict-aliasing"
P: EXTRA_PORTABILITY="-DSPEC_LP64"
P: EXTRA_CPORTABILITY=""
LINK: "/usr/bin/gcc     -std=c99   -m64  -z muldefs    -g -O3  -fno-unsafe-math-optimizations  -fno-tree-loop-vectorize        -fopenmp -DSPEC_OPENMP -fno-strict-aliasing <objects>   -lm         -o options  "
C: LD="/usr/bin/gcc     -std=c99   -m64"
O: LDCFLAGS="-z muldefs"
O: OPTIMIZE="-g -O3  -fno-unsafe-math-optimizations  -fno-tree-loop-vectorize"
O: EXTRA_OPTIMIZE="-fopenmp -DSPEC_OPENMP"
O: EXTRA_COPTIMIZE="-fno-strict-aliasing"
C: MATH_LIBS="-lm"
C: LDOUT="-o options"
Stop options command: 2022-06-26 11:51:10 (1656258670.16839)
Elapsed time for options command: 00:00:00 (0.158325910568237)
Issuing compiler-version command 'specmake --output-sync --jobs=8 compiler-version'
Start compiler-version command: 2022-06-26 11:51:10 (1656258670.17052)
 CC_VERSION_OPTION:
Using built-in specs.
COLLECT_GCC=/usr/bin/gcc
COLLECT_LTO_WRAPPER=/usr/lib/gcc/x86_64-linux-gnu/7/lto-wrapper
OFFLOAD_TARGET_NAMES=nvptx-none
OFFLOAD_TARGET_DEFAULT=1
Target: x86_64-linux-gnu
Configured with: ../src/configure -v --with-pkgversion='Ubuntu 7.5.0-3ubuntu1~18.04' --with-bugurl=file:///usr/share/doc/gcc-7/README.Bugs --enable-languages=c,ada,c++,go,brig,d,fortran,objc,obj-c++ --prefix=/usr --with-gcc-major-version-only --program-suffix=-7 --program-prefix=x86_64-linux-gnu- --enable-shared --enable-linker-build-id --libexecdir=/usr/lib --without-included-gettext --enable-threads=posix --libdir=/usr/lib --enable-nls --enable-bootstrap --enable-clocale=gnu --enable-libstdcxx-debug --enable-libstdcxx-time=yes --with-default-libstdcxx-abi=new --enable-gnu-unique-object --disable-vtable-verify --enable-libmpx --enable-plugin --enable-default-pie --with-system-zlib --with-target-system-zlib --enable-objc-gc=auto --enable-multiarch --disable-werror --with-arch-32=i686 --with-abi=m64 --with-multilib-list=m32,m64,mx32 --enable-multilib --with-tune=generic --enable-offload-targets=nvptx-none --without-cuda-driver --enable-checking=release --build=x86_64-linux-gnu --host=x86_64-linux-gnu --tar
get=x86_64-linux-gnu
Thread model: posix
gcc version 7.5.0 (Ubuntu 7.5.0-3ubuntu1~18.04) 
Stop compiler-version command: 2022-06-26 11:51:10 (1656258670.33327)
Elapsed time for compiler-version command: 00:00:00 (0.162748098373413)
  Compile for '605.mcf_s' ended at: 2022-06-26 11:51:10 (1656258670)
  Elapsed compile for '605.mcf_s': 00:00:02 (2)
COMP: "/usr/bin/gcc     -std=c99   -m64 -c -o options.o -DSPEC -DNDEBUG  -Ispec_qsort -DSPEC_AUTO_SUPPRESS_OPENMP -g -O3  -fno-unsafe-math-optimizations  -fno-tree-loop-vectorize           -fopenmp -DSPEC_OPENMP -fno-strict-aliasing   -DSPEC_LP64  <source>"
C: CC="/usr/bin/gcc     -std=c99   -m64"
C: COBJOPT="-c -o options"
P: CPUFLAGS="-DSPEC -DNDEBUG"
P: BENCH_FLAGS=""
P: BENCH_CFLAGS="-Ispec_qsort -DSPEC_AUTO_SUPPRESS_OPENMP"
O: OPTIMIZE="-g -O3  -fno-unsafe-math-optimizations  -fno-tree-loop-vectorize"
O: COPTIMIZE=""
P: PORTABILITY=""
P: CPORTABILITY=""
O: EXTRA_CFLAGS=""
O: EXTRA_OPTIMIZE="-fopenmp -DSPEC_OPENMP"
O: EXTRA_COPTIMIZE="-fno-strict-aliasing"
P: EXTRA_PORTABILITY="-DSPEC_LP64"
P: EXTRA_CPORTABILITY=""
LINK: "/usr/bin/gcc     -std=c99   -m64  -z muldefs    -g -O3  -fno-unsafe-math-optimizations  -fno-tree-loop-vectorize        -fopenmp -DSPEC_OPENMP -fno-strict-aliasing <objects>   -lm         -o options  "
C: LD="/usr/bin/gcc     -std=c99   -m64"
O: LDCFLAGS="-z muldefs"
O: OPTIMIZE="-g -O3  -fno-unsafe-math-optimizations  -fno-tree-loop-vectorize"
O: EXTRA_OPTIMIZE="-fopenmp -DSPEC_OPENMP"
O: EXTRA_COPTIMIZE="-fno-strict-aliasing"
C: MATH_LIBS="-lm"
C: LDOUT="-o options"
 CC_VERSION_OPTION:
Using built-in specs.
COLLECT_GCC=/usr/bin/gcc
COLLECT_LTO_WRAPPER=/usr/lib/gcc/x86_64-linux-gnu/7/lto-wrapper
OFFLOAD_TARGET_NAMES=nvptx-none
OFFLOAD_TARGET_DEFAULT=1
Target: x86_64-linux-gnu
Configured with: ../src/configure -v --with-pkgversion='Ubuntu 7.5.0-3ubuntu1~18.04' --with-bugurl=file:///usr/share/doc/gcc-7/README.Bugs --enable-languages=c,ada,c++,go,brig,d,fortran,objc,obj-c++ --prefix=/usr --with-gcc-major-version-only --program-suffix=-7 --program-prefix=x86_64-linux-gnu- --enable-shared --enable-linker-build-id --libexecdir=/usr/lib --without-included-gettext --enable-threads=posix --libdir=/usr/lib --enable-nls --enable-bootstrap --enable-clocale=gnu --enable-libstdcxx-debug --enable-libstdcxx-time=yes --with-default-libstdcxx-abi=new --enable-gnu-unique-object --disable-vtable-verify --enable-libmpx --enable-plugin --enable-default-pie --with-system-zlib --with-target-system-zlib --enable-objc-gc=auto --enable-multiarch --disable-werror --with-arch-32=i686 --with-abi=m64 --with-multilib-list=m32,m64,mx32 --enable-multilib --with-tune=generic --enable-offload-targets=nvptx-none --without-cuda-driver --enable-checking=release --build=x86_64-linux-gnu --host=x86_64-linux-gnu --tar
get=x86_64-linux-gnu
Thread model: posix
gcc version 7.5.0 (Ubuntu 7.5.0-3ubuntu1~18.04) 

Build successes for intspeed: 605.mcf_s(base)
Build errors for intspeed: None

Build Complete
runcpu finished at 2022-06-26 11:51:10; 2 total seconds elapsed
Info: file_tail(85445): file '/home/gem5/spec2017/tmp/CPU2017.002/templogs/preenv.intspeed.002.0.debug' was removed and will no longer be followed.  No action is required.
The log for this run is in /home/gem5/spec2017/result/CPU2017.002.log

runcpu finished at 2022-06-26 11:51:10; 3 total seconds elapsed
