runcpu v5825 started at 2022-06-26 12:00:16 on "kparun-kd222"
runcpu is: /home/gem5/spec2017/bin/harness/runcpu
runcpu: runcpu --config=myconfig.x86.cfg --action=build 620.omnetpp_s
toolset: linux-x86_64

Locating benchmarks...found 47 benchmarks in 53 benchsets.
Reading config file '/home/gem5/spec2017/config/myconfig.x86.cfg'

1 configuration selected:

Action   Benchmarks
------   ----------------------------------------------------------------------
build    620.omnetpp_s                                                         
-------------------------------------------------------------------------------

Setting up environment for running 620.omnetpp_s...
Starting runcpu for 620.omnetpp_s...
Retrieving flags file (/home/gem5/spec2017/config/flags/gcc.xml)...
Verbosity = 5
Action    = build
Tune      = base
Label     = mytest-m64
Size      = refspeed
benchmarks= 620.omnetpp_s
outputs   = txt,html,cfg,pdf,csv
username  = root
Environment settings:
LD_LIBRARY_PATH = "%{gcc_dir}/lib64/:%{gcc_dir}/lib/:/lib64"

Benchmarks selected: 620.omnetpp_s
When checking executables (/home/gem5/spec2017/benchspec/CPU/620.omnetpp_s/exe/omnetpp_s_base.mytest-m64), no checksums were
  found in the config file.  They will be installed after build.
When checking executables (/home/gem5/spec2017/benchspec/CPU/620.omnetpp_s/exe/omnetpp_s_base.mytest-m64), no checksums were
  found in the config file.  They will be installed after build.
Compiling Binaries
------------------------------------------------------------------------
When checking options for /home/gem5/spec2017/benchspec/CPU/620.omnetpp_s/exe/omnetpp_s_base.mytest-m64, no checksums were
  found in the config file.  They will be installed after build.
When checking executables (/home/gem5/spec2017/benchspec/CPU/620.omnetpp_s/exe/omnetpp_s_base.mytest-m64), no checksums were
  found in the config file.  They will be installed after build.
  Building 620.omnetpp_s base mytest-m64: (build_base_mytest-m64.0000) [2022-06-26 12:00:17]
Wrote to makefile '/home/gem5/spec2017/benchspec/CPU/620.omnetpp_s/build/build_base_mytest-m64.0000/Makefile.deps':
# End dependencies
# These are the build dependencies
Wrote to makefile '/home/gem5/spec2017/benchspec/CPU/620.omnetpp_s/build/build_base_mytest-m64.0000/Makefile.spec':
TUNE=base
LABEL=mytest-m64
NUMBER=620
NAME=omnetpp_s
SOURCES= simulator/fileoutscalarmgr.cc simulator/xmlgenerator.cc \
	 simulator/cdisplaystring.cc simulator/expression.tab.cc \
	 simulator/patternmatcher.cc simulator/neddtdvalidator.cc \
	 simulator/cmessage.cc simulator/cenvir.cc simulator/matchableobject.cc \
	 simulator/cstringpool.cc simulator/nedyylib.cc simulator/cgate.cc \
	 simulator/cconfiguration.cc simulator/cdynamicchanneltype.cc \
	 simulator/cxmlparimpl.cc simulator/nedexception.cc \
	 simulator/csimulation.cc simulator/msg2.tab.cc simulator/spec_qsort.cc \
	 simulator/nedelements.cc simulator/cdataratechannel.cc \
	 simulator/clcg32.cc simulator/envirbase.cc simulator/scenario.cc \
	 simulator/cstringtokenizer.cc simulator/appreg.cc \
	 simulator/nedsupport.cc simulator/cvisitor.cc simulator/valueiterator.cc \
	 simulator/cmodule.cc simulator/matchablefield.cc simulator/nederror.cc \
	 simulator/chasher.cc simulator/cwatch.cc simulator/cparimpl.cc \
	 simulator/globals.cc simulator/cstringparimpl.cc \
	 simulator/speedometer.cc simulator/fnamelisttokenizer.cc \
	 simulator/nedvalidator.cc simulator/cpacketqueue.cc \
	 simulator/ned1generator.cc simulator/nedparser.cc simulator/ned1.tab.cc \
	 simulator/ccompoundmodule.cc simulator/eventlogwriter.cc \
	 simulator/cexpressionbuilder.cc simulator/cconfigoption.cc \
	 simulator/cvarhist.cc simulator/objectprinter.cc simulator/main.cc \
	 simulator/lex.expryy.cc simulator/startup.cc simulator/nedutil.cc \
	 simulator/cmathfunction.cc simulator/eventlogfilemgr.cc \
	 simulator/nedtypeinfo.cc simulator/cdoubleparimpl.cc \
	 simulator/chistogram.cc simulator/akaroarng.cc simulator/cmessageheap.cc \
	 simulator/simtime.cc simulator/lex.msg2yy.cc \
	 simulator/cregistrationlist.cc simulator/cdetect.cc \
	 simulator/csimplemodule.cc simulator/expression.cc \
	 simulator/lcgrandom.cc simulator/inifilereader.cc simulator/errmsg.cc \
	 simulator/carray.cc simulator/runattributes.cc simulator/expr.tab.cc \
	 simulator/sectionbasedconfig.cc simulator/ccommbuffer.cc \
	 simulator/clongparimpl.cc simulator/cmsgpar.cc simulator/cnamedobject.cc \
	 simulator/cksplit.cc simulator/cxmlelement.cc simulator/ned2generator.cc \
	 simulator/cboolparimpl.cc simulator/cdelaychannel.cc simulator/cenum.cc \
	 simulator/onstartup.cc simulator/cfsm.cc simulator/lex.expressionyy.cc \
	 simulator/fsutils.cc simulator/nedfilebuffer.cc \
	 simulator/cdynamicmoduletype.cc simulator/displaystring.cc \
	 simulator/enumstr.cc simulator/cdensityestbase.cc simulator/ctopology.cc \
	 simulator/cnednetworkbuilder.cc simulator/fileglobber.cc \
	 simulator/cproperties.cc simulator/cexception.cc \
	 simulator/cxmldoccache.cc simulator/saxparser_none.cc \
	 simulator/cparsimcomm.cc simulator/stringutil.cc \
	 simulator/cownedobject.cc simulator/linetokenizer.cc \
	 simulator/nedelement.cc simulator/cneddeclaration.cc \
	 simulator/cdynamicexpression.cc simulator/cnedfunction.cc \
	 simulator/cproperty.cc simulator/lex.ned1yy.cc simulator/bigdecimal.cc \
	 simulator/ccomponent.cc simulator/clinkedlist.cc simulator/nedtools.cc \
	 simulator/opp_run.cc simulator/nedsaxhandler.cc \
	 simulator/matchexpression.tab.cc simulator/cnedloader.cc \
	 simulator/cpar.cc simulator/nedresourcecache.cc \
	 simulator/nedxmlparser.cc simulator/task.cc \
	 simulator/cclassdescriptor.cc simulator/minixpath.cc \
	 simulator/cstlwatch.cc simulator/coutvector.cc simulator/args.cc \
	 simulator/cqueue.cc simulator/ned2.tab.cc \
	 simulator/nedsyntaxvalidator.cc simulator/matchexpression.cc \
	 simulator/cclassfactory.cc simulator/exception.cc simulator/fileutil.cc \
	 simulator/distrib.cc simulator/cstddev.cc simulator/stringtokenizer.cc \
	 simulator/matchexpressionlexer.cc simulator/cstatistic.cc \
	 simulator/neddtdvalidatorbase.cc simulator/nedcrossvalidator.cc \
	 simulator/ccomponenttype.cc simulator/cobject.cc simulator/cchannel.cc \
	 simulator/akoutvectormgr.cc simulator/filesnapshotmgr.cc \
	 simulator/lex.ned2yy.cc simulator/ccoroutine.cc \
	 simulator/unitconversion.cc simulator/cdefaultlist.cc simulator/util.cc \
	 simulator/commonutil.cc simulator/cscheduler.cc \
	 simulator/nedfunctions.cc simulator/cmersennetwister.cc \
	 simulator/sim_std_m.cc simulator/filereader.cc simulator/stringpool.cc \
	 simulator/cmdenv.cc simulator/fileoutvectormgr.cc simulator/cpsquare.cc \
	 simulator/indexedfileoutvectormgr.cc simulator/intervals.cc \
	 model/MACRelayUnitBase.cc model/Ieee802Ctrl_m.cc model/EtherEncap.cc \
	 model/MACAddress.cc model/EtherLLC.cc model/EtherFrame_m.cc \
	 model/EtherMAC.cc model/MACRelayUnitNP.cc model/EtherApp_m.cc \
	 model/EtherMACBase.cc model/EtherAppSrv.cc model/MACRelayUnitPP.cc \
	 model/EtherHub.cc model/EtherAppCli.cc
EXEBASE=omnetpp_s
NEED_MATH=yes
BENCHLANG=CXX
BENCH_FLAGS      = -Isimulator/platdep -Isimulator -Imodel -DWITH_NETBUILDER
CC               = /usr/bin/gcc     -std=c99   -m64
CC_VERSION_OPTION = -v
CXX              = /usr/bin/g++                -m64
CXX_VERSION_OPTION = -v
EXTRA_COPTIMIZE  = -fno-strict-aliasing
EXTRA_OPTIMIZE   = -fopenmp -DSPEC_OPENMP
EXTRA_PORTABILITY = -DSPEC_LP64
FC               = /usr/bin/gfortran           -m64
FC_VERSION_OPTION = -v
LDCFLAGS         = -z muldefs
OPTIMIZE         = -g -O3  -fno-unsafe-math-optimizations  -fno-tree-loop-vectorize
OS               = unix
SPECLANG         = /usr/lib/gcc/x86_64-linux-gnu/7//bin/
absolutely_no_locking = 0
abstol           = 1e-06
action           = build
allow_label_override = 0
backup_config    = 1
baseexe          = omnetpp_s
basepeak         = 0
benchdir         = benchspec
benchmark        = 620.omnetpp_s
binary           = 
bindir           = exe
builddir         = build
bundleaction     = 
bundlename       = 
calctol          = 1
changedhash      = 0
check_version    = 0
clean_between_builds = no
command_add_redirect = 1
commanderrfile   = speccmds.err
commandexe       = omnetpp_s_base.mytest-m64
commandfile      = speccmds.cmd
commandoutfile   = speccmds.out
commandstdoutfile = speccmds.stdout
comparedir       = compare
compareerrfile   = compare.err
comparefile      = compare.cmd
compareoutfile   = compare.out
comparestdoutfile = compare.stdout
compile_error    = 0
compwhite        = 
configdir        = config
configfile       = myconfig.x86.cfg
configpath       = /home/gem5/spec2017/config/myconfig.x86.cfg
copies           = 1
current_range    = 
datadir          = data
default_size     = ref
default_submit   = $command
delay            = 0
deletebinaries   = 0
deletework       = 0
dependent_workloads = 0
device           = 
difflines        = 10
dirprot          = 511
discard_power_samples = 0
enable_monitor   = 1
endian           = 12345678
env_vars         = 0
expand_notes     = 0
expid            = 
exthash_bits     = 256
failflags        = 0
fake             = 0
feedback         = 1
flag_url_base    = https://www.spec.org/auto/cpu2017/Docs/benchmarks/flags/
floatcompare     = 
force_monitor    = 0
from_runcpu      = 2
fw_bios          = 
hostname         = kparun-kd222
http_proxy       = 
http_timeout     = 30
hw_avail         = 
hw_cpu_max_mhz   = 
hw_cpu_nominal_mhz = 
hw_model         = 
hw_ncores        = 
hw_ncpuorder     = 
hw_nthreadspercore = 
hw_ocache        = 
hw_other         = 
hw_pcache        = 
hw_scache        = 
hw_tcache        = 
hw_vendor        = My Corporation
idle_current_range = 
idledelay        = 10
idleduration     = 60
ignore_errors    = 1
ignore_sigint    = 0
ignorecase       = 
info_wrap_columns = 50
inputdir         = input
inputgenerrfile  = inputgen.err
inputgenfile     = inputgen.cmd
inputgenoutfile  = inputgen.out
inputgenstdoutfile = inputgen.stdout
iteration        = -1
iterations       = 1
keeptmp          = 0
label            = mytest-m64
license_num      = nnn (Your SPEC license number)
line_width       = 1020
link_input_files = 1
locking          = 1
log              = CPU2017
log_line_width   = 1020
log_timestamp    = 0
logfile          = /home/gem5/spec2017/tmp/CPU2017.003/templogs/preenv.intspeed.003.0
logname          = /home/gem5/spec2017/tmp/CPU2017.003/templogs/preenv.intspeed.003.0
lognum           = 003.0
mail_reports     = all
mailcompress     = 0
mailmethod       = smtp
mailport         = 25
mailserver       = 127.0.0.1
mailto           = 
make             = specmake
make_no_clobber  = 0
makefile_template = Makefile.YYYtArGeTYYYspec
makeflags        = --jobs=8
max_average_uncertainty = 1
max_hum_limit    = 0
max_report_runs  = 3
max_unknown_uncertainty = 1
mean_anyway      = 1
meter_connect_timeout = 30
meter_errors_default = 5
meter_errors_percentage = 5
min_report_runs  = 2
min_temp_limit   = 20
minimize_builddirs = 0
minimize_rundirs = 0
name             = omnetpp_s
nansupport       = 
need_math        = yes
no_input_handler = close
no_monitor       = 
noratios         = 0
note_preenv      = 1
notes_wrap_columns = 0
notes_wrap_indent =   
num              = 620
obiwan           = 
os_exe_ext       = 
output_format    = txt,html,cfg,pdf,csv
output_root      = 
outputdir        = output
parallel_test    = 0
parallel_test_submit = 0
parallel_test_workloads = 
path             = /home/gem5/spec2017/benchspec/CPU/620.omnetpp_s
plain_train      = 1
platform         = 
power            = 0
preENV_LD_LIBRARY_PATH = %{gcc_dir}/lib64/:%{gcc_dir}/lib/:/lib64
preenv           = 0
prefix           = 
ranks            = 1
rawhash_bits     = 256
rebuild          = 0
reftime          = reftime
reltol           = 1e-05
reportable       = 0
resultdir        = result
review           = 0
run              = all
runcpu           = /home/gem5/spec2017/bin/harness/runcpu --configfile myconfig.x86.cfg --action build --noreportable --nopower --runmode speed --tune base --size refspeed 620.omnetpp_s --nopreenv --note-preenv --logfile /home/gem5/spec2017/tmp/CPU2017.003/templogs/preenv.intspeed.003.0 --lognum 003.0 --from_runcpu 2
rundir           = run
runmode          = speed
safe_eval        = 1
save_build_files = 
section_specifier_fatal = 1
setprocgroup     = 1
setup_error      = 0
sigint           = 2
size             = refspeed
size_class       = ref
skipabstol       = 
skipobiwan       = 
skipreltol       = 
skiptol          = 
smarttune        = base
specdiff         = specdiff
specrun          = specinvoke
srcalt           = 
srcdir           = src
srcsource        = /home/gem5/spec2017/benchspec/CPU/520.omnetpp_r/src
stagger          = 10
strict_rundir_verify = 1
sw_avail         = 
sw_base_ptrsize  = 64-bit
sw_compiler001   = C/C++/Fortran: Version 6.2.0 of GCC, the
sw_compiler002   = GNU Compiler Collection
sw_other         = 
sw_peak_ptrsize  = 64-bit
sysinfo_hash_bits = 256
sysinfo_program  = 
sysinfo_program_hash = 
table            = 1
teeout           = 0
test_date        = Jun-2022
test_sponsor     = My Corporation
tester           = My Corporation
threads          = 4
top              = /home/gem5/spec2017
train_single_thread = 0
train_with       = train
tune             = base
uid              = 0
unbuffer         = 1
uncertainty_exception = 5
update           = 0
update_url       = http://www.spec.org/auto/cpu2017/updates/
use_submit_for_compare = 0
use_submit_for_speed = 0
username         = root
verbose          = 5
verify_binaries  = 1
version          = 0.905000
version_url      = http://www.spec.org/auto/cpu2017/current_version
voltage_range    = 
worklist         = list
OUTPUT_RMFILES   = General-0.sca
  Compile for '620.omnetpp_s' started at: 2022-06-26 12:00:17 (1656259217)
Issuing make.clean command 'specmake --output-sync --jobs=8 clean'
Start make.clean command: 2022-06-26 12:00:17 (1656259217.41691)
rm -rf *.o  General-0.sca
find . \( -name \*.o -o -name '*.fppized.f*' -o -name '*.i' -o -name '*.mod' \) -print | xargs rm -rf
rm -rf omnetpp_s
rm -rf omnetpp_s.exe
rm -rf core
Stop make.clean command: 2022-06-26 12:00:17 (1656259217.58029)
Elapsed time for make.clean command: 00:00:00 (0.163378953933716)
Issuing make command 'specmake --output-sync --jobs=8 build'
Start make command: 2022-06-26 12:00:17 (1656259217.581)
/usr/bin/g++                -m64 -c -o simulator/cenvir.o -DSPEC -DNDEBUG -Isimulator/platdep -Isimulator -Imodel -DWITH_NETBUILDER  -g -O3  -fno-unsafe-math-optimizations  -fno-tree-loop-vectorize       -fopenmp -DSPEC_OPENMP  -DSPEC_LP64  simulator/cenvir.cc
/usr/bin/g++                -m64 -c -o simulator/neddtdvalidator.o -DSPEC -DNDEBUG -Isimulator/platdep -Isimulator -Imodel -DWITH_NETBUILDER  -g -O3  -fno-unsafe-math-optimizations  -fno-tree-loop-vectorize       -fopenmp -DSPEC_OPENMP  -DSPEC_LP64  simulator/neddtdvalidator.cc
/usr/bin/g++                -m64 -c -o simulator/xmlgenerator.o -DSPEC -DNDEBUG -Isimulator/platdep -Isimulator -Imodel -DWITH_NETBUILDER  -g -O3  -fno-unsafe-math-optimizations  -fno-tree-loop-vectorize       -fopenmp -DSPEC_OPENMP  -DSPEC_LP64  simulator/xmlgenerator.cc
/usr/bin/g++                -m64 -c -o simulator/expression.tab.o -DSPEC -DNDEBUG -Isimulator/platdep -Isimulator -Imodel -DWITH_NETBUILDER  -g -O3  -fno-unsafe-math-optimizations  -fno-tree-loop-vectorize       -fopenmp -DSPEC_OPENMP  -DSPEC_LP64  simulator/expression.tab.cc
/usr/bin/g++                -m64 -c -o simulator/cdisplaystring.o -DSPEC -DNDEBUG -Isimulator/platdep -Isimulator -Imodel -DWITH_NETBUILDER  -g -O3  -fno-unsafe-math-optimizations  -fno-tree-loop-vectorize       -fopenmp -DSPEC_OPENMP  -DSPEC_LP64  simulator/cdisplaystring.cc
/usr/bin/g++                -m64 -c -o simulator/patternmatcher.o -DSPEC -DNDEBUG -Isimulator/platdep -Isimulator -Imodel -DWITH_NETBUILDER  -g -O3  -fno-unsafe-math-optimizations  -fno-tree-loop-vectorize       -fopenmp -DSPEC_OPENMP  -DSPEC_LP64  simulator/patternmatcher.cc
/usr/bin/g++                -m64 -c -o simulator/matchableobject.o -DSPEC -DNDEBUG -Isimulator/platdep -Isimulator -Imodel -DWITH_NETBUILDER  -g -O3  -fno-unsafe-math-optimizations  -fno-tree-loop-vectorize       -fopenmp -DSPEC_OPENMP  -DSPEC_LP64  simulator/matchableobject.cc
/usr/bin/g++                -m64 -c -o simulator/cstringpool.o -DSPEC -DNDEBUG -Isimulator/platdep -Isimulator -Imodel -DWITH_NETBUILDER  -g -O3  -fno-unsafe-math-optimizations  -fno-tree-loop-vectorize       -fopenmp -DSPEC_OPENMP  -DSPEC_LP64  simulator/cstringpool.cc
/usr/bin/g++                -m64 -c -o simulator/fileoutscalarmgr.o -DSPEC -DNDEBUG -Isimulator/platdep -Isimulator -Imodel -DWITH_NETBUILDER  -g -O3  -fno-unsafe-math-optimizations  -fno-tree-loop-vectorize       -fopenmp -DSPEC_OPENMP  -DSPEC_LP64  simulator/fileoutscalarmgr.cc
/usr/bin/g++                -m64 -c -o simulator/nedexception.o -DSPEC -DNDEBUG -Isimulator/platdep -Isimulator -Imodel -DWITH_NETBUILDER  -g -O3  -fno-unsafe-math-optimizations  -fno-tree-loop-vectorize       -fopenmp -DSPEC_OPENMP  -DSPEC_LP64  simulator/nedexception.cc
/usr/bin/g++                -m64 -c -o simulator/cmessage.o -DSPEC -DNDEBUG -Isimulator/platdep -Isimulator -Imodel -DWITH_NETBUILDER  -g -O3  -fno-unsafe-math-optimizations  -fno-tree-loop-vectorize       -fopenmp -DSPEC_OPENMP  -DSPEC_LP64  simulator/cmessage.cc
/usr/bin/g++                -m64 -c -o simulator/nedyylib.o -DSPEC -DNDEBUG -Isimulator/platdep -Isimulator -Imodel -DWITH_NETBUILDER  -g -O3  -fno-unsafe-math-optimizations  -fno-tree-loop-vectorize       -fopenmp -DSPEC_OPENMP  -DSPEC_LP64  simulator/nedyylib.cc
/usr/bin/g++                -m64 -c -o simulator/cxmlparimpl.o -DSPEC -DNDEBUG -Isimulator/platdep -Isimulator -Imodel -DWITH_NETBUILDER  -g -O3  -fno-unsafe-math-optimizations  -fno-tree-loop-vectorize       -fopenmp -DSPEC_OPENMP  -DSPEC_LP64  simulator/cxmlparimpl.cc
/usr/bin/g++                -m64 -c -o simulator/spec_qsort.o -DSPEC -DNDEBUG -Isimulator/platdep -Isimulator -Imodel -DWITH_NETBUILDER  -g -O3  -fno-unsafe-math-optimizations  -fno-tree-loop-vectorize       -fopenmp -DSPEC_OPENMP  -DSPEC_LP64  simulator/spec_qsort.cc
/usr/bin/g++                -m64 -c -o simulator/cgate.o -DSPEC -DNDEBUG -Isimulator/platdep -Isimulator -Imodel -DWITH_NETBUILDER  -g -O3  -fno-unsafe-math-optimizations  -fno-tree-loop-vectorize       -fopenmp -DSPEC_OPENMP  -DSPEC_LP64  simulator/cgate.cc
/usr/bin/g++                -m64 -c -o simulator/cdynamicchanneltype.o -DSPEC -DNDEBUG -Isimulator/platdep -Isimulator -Imodel -DWITH_NETBUILDER  -g -O3  -fno-unsafe-math-optimizations  -fno-tree-loop-vectorize       -fopenmp -DSPEC_OPENMP  -DSPEC_LP64  simulator/cdynamicchanneltype.cc
/usr/bin/g++                -m64 -c -o simulator/cconfiguration.o -DSPEC -DNDEBUG -Isimulator/platdep -Isimulator -Imodel -DWITH_NETBUILDER  -g -O3  -fno-unsafe-math-optimizations  -fno-tree-loop-vectorize       -fopenmp -DSPEC_OPENMP  -DSPEC_LP64  simulator/cconfiguration.cc
/usr/bin/g++                -m64 -c -o simulator/msg2.tab.o -DSPEC -DNDEBUG -Isimulator/platdep -Isimulator -Imodel -DWITH_NETBUILDER  -g -O3  -fno-unsafe-math-optimizations  -fno-tree-loop-vectorize       -fopenmp -DSPEC_OPENMP  -DSPEC_LP64  simulator/msg2.tab.cc
/usr/bin/g++                -m64 -c -o simulator/cdataratechannel.o -DSPEC -DNDEBUG -Isimulator/platdep -Isimulator -Imodel -DWITH_NETBUILDER  -g -O3  -fno-unsafe-math-optimizations  -fno-tree-loop-vectorize       -fopenmp -DSPEC_OPENMP  -DSPEC_LP64  simulator/cdataratechannel.cc
/usr/bin/g++                -m64 -c -o simulator/clcg32.o -DSPEC -DNDEBUG -Isimulator/platdep -Isimulator -Imodel -DWITH_NETBUILDER  -g -O3  -fno-unsafe-math-optimizations  -fno-tree-loop-vectorize       -fopenmp -DSPEC_OPENMP  -DSPEC_LP64  simulator/clcg32.cc
/usr/bin/g++                -m64 -c -o simulator/appreg.o -DSPEC -DNDEBUG -Isimulator/platdep -Isimulator -Imodel -DWITH_NETBUILDER  -g -O3  -fno-unsafe-math-optimizations  -fno-tree-loop-vectorize       -fopenmp -DSPEC_OPENMP  -DSPEC_LP64  simulator/appreg.cc
/usr/bin/g++                -m64 -c -o simulator/csimulation.o -DSPEC -DNDEBUG -Isimulator/platdep -Isimulator -Imodel -DWITH_NETBUILDER  -g -O3  -fno-unsafe-math-optimizations  -fno-tree-loop-vectorize       -fopenmp -DSPEC_OPENMP  -DSPEC_LP64  simulator/csimulation.cc
simulator/csimulation.cc: In destructor 'virtual cSimulation::~cSimulation()':
simulator/csimulation.cc:92:87: warning: throw will always call terminate() [-Wterminate]
         throw cRuntimeError(this, "cannot delete the active simulation manager object");
                                                                                       ^
simulator/csimulation.cc:92:87: note: in C++11 destructors default to noexcept
/usr/bin/g++                -m64 -c -o simulator/cvisitor.o -DSPEC -DNDEBUG -Isimulator/platdep -Isimulator -Imodel -DWITH_NETBUILDER  -g -O3  -fno-unsafe-math-optimizations  -fno-tree-loop-vectorize       -fopenmp -DSPEC_OPENMP  -DSPEC_LP64  simulator/cvisitor.cc
/usr/bin/g++                -m64 -c -o simulator/cstringtokenizer.o -DSPEC -DNDEBUG -Isimulator/platdep -Isimulator -Imodel -DWITH_NETBUILDER  -g -O3  -fno-unsafe-math-optimizations  -fno-tree-loop-vectorize       -fopenmp -DSPEC_OPENMP  -DSPEC_LP64  simulator/cstringtokenizer.cc
/usr/bin/g++                -m64 -c -o simulator/nedsupport.o -DSPEC -DNDEBUG -Isimulator/platdep -Isimulator -Imodel -DWITH_NETBUILDER  -g -O3  -fno-unsafe-math-optimizations  -fno-tree-loop-vectorize       -fopenmp -DSPEC_OPENMP  -DSPEC_LP64  simulator/nedsupport.cc
/usr/bin/g++                -m64 -c -o simulator/scenario.o -DSPEC -DNDEBUG -Isimulator/platdep -Isimulator -Imodel -DWITH_NETBUILDER  -g -O3  -fno-unsafe-math-optimizations  -fno-tree-loop-vectorize       -fopenmp -DSPEC_OPENMP  -DSPEC_LP64  simulator/scenario.cc
/usr/bin/g++                -m64 -c -o simulator/valueiterator.o -DSPEC -DNDEBUG -Isimulator/platdep -Isimulator -Imodel -DWITH_NETBUILDER  -g -O3  -fno-unsafe-math-optimizations  -fno-tree-loop-vectorize       -fopenmp -DSPEC_OPENMP  -DSPEC_LP64  simulator/valueiterator.cc
/usr/bin/g++                -m64 -c -o simulator/matchablefield.o -DSPEC -DNDEBUG -Isimulator/platdep -Isimulator -Imodel -DWITH_NETBUILDER  -g -O3  -fno-unsafe-math-optimizations  -fno-tree-loop-vectorize       -fopenmp -DSPEC_OPENMP  -DSPEC_LP64  simulator/matchablefield.cc
/usr/bin/g++                -m64 -c -o simulator/chasher.o -DSPEC -DNDEBUG -Isimulator/platdep -Isimulator -Imodel -DWITH_NETBUILDER  -g -O3  -fno-unsafe-math-optimizations  -fno-tree-loop-vectorize       -fopenmp -DSPEC_OPENMP  -DSPEC_LP64  simulator/chasher.cc
/usr/bin/g++                -m64 -c -o simulator/nederror.o -DSPEC -DNDEBUG -Isimulator/platdep -Isimulator -Imodel -DWITH_NETBUILDER  -g -O3  -fno-unsafe-math-optimizations  -fno-tree-loop-vectorize       -fopenmp -DSPEC_OPENMP  -DSPEC_LP64  simulator/nederror.cc
/usr/bin/g++                -m64 -c -o simulator/cwatch.o -DSPEC -DNDEBUG -Isimulator/platdep -Isimulator -Imodel -DWITH_NETBUILDER  -g -O3  -fno-unsafe-math-optimizations  -fno-tree-loop-vectorize       -fopenmp -DSPEC_OPENMP  -DSPEC_LP64  simulator/cwatch.cc
/usr/bin/g++                -m64 -c -o simulator/cparimpl.o -DSPEC -DNDEBUG -Isimulator/platdep -Isimulator -Imodel -DWITH_NETBUILDER  -g -O3  -fno-unsafe-math-optimizations  -fno-tree-loop-vectorize       -fopenmp -DSPEC_OPENMP  -DSPEC_LP64  simulator/cparimpl.cc
/usr/bin/g++                -m64 -c -o simulator/speedometer.o -DSPEC -DNDEBUG -Isimulator/platdep -Isimulator -Imodel -DWITH_NETBUILDER  -g -O3  -fno-unsafe-math-optimizations  -fno-tree-loop-vectorize       -fopenmp -DSPEC_OPENMP  -DSPEC_LP64  simulator/speedometer.cc
/usr/bin/g++                -m64 -c -o simulator/globals.o -DSPEC -DNDEBUG -Isimulator/platdep -Isimulator -Imodel -DWITH_NETBUILDER  -g -O3  -fno-unsafe-math-optimizations  -fno-tree-loop-vectorize       -fopenmp -DSPEC_OPENMP  -DSPEC_LP64  simulator/globals.cc
/usr/bin/g++                -m64 -c -o simulator/fnamelisttokenizer.o -DSPEC -DNDEBUG -Isimulator/platdep -Isimulator -Imodel -DWITH_NETBUILDER  -g -O3  -fno-unsafe-math-optimizations  -fno-tree-loop-vectorize       -fopenmp -DSPEC_OPENMP  -DSPEC_LP64  simulator/fnamelisttokenizer.cc
/usr/bin/g++                -m64 -c -o simulator/cstringparimpl.o -DSPEC -DNDEBUG -Isimulator/platdep -Isimulator -Imodel -DWITH_NETBUILDER  -g -O3  -fno-unsafe-math-optimizations  -fno-tree-loop-vectorize       -fopenmp -DSPEC_OPENMP  -DSPEC_LP64  simulator/cstringparimpl.cc
/usr/bin/g++                -m64 -c -o simulator/nedvalidator.o -DSPEC -DNDEBUG -Isimulator/platdep -Isimulator -Imodel -DWITH_NETBUILDER  -g -O3  -fno-unsafe-math-optimizations  -fno-tree-loop-vectorize       -fopenmp -DSPEC_OPENMP  -DSPEC_LP64  simulator/nedvalidator.cc
/usr/bin/g++                -m64 -c -o simulator/envirbase.o -DSPEC -DNDEBUG -Isimulator/platdep -Isimulator -Imodel -DWITH_NETBUILDER  -g -O3  -fno-unsafe-math-optimizations  -fno-tree-loop-vectorize       -fopenmp -DSPEC_OPENMP  -DSPEC_LP64  simulator/envirbase.cc
/usr/bin/g++                -m64 -c -o simulator/nedelements.o -DSPEC -DNDEBUG -Isimulator/platdep -Isimulator -Imodel -DWITH_NETBUILDER  -g -O3  -fno-unsafe-math-optimizations  -fno-tree-loop-vectorize       -fopenmp -DSPEC_OPENMP  -DSPEC_LP64  simulator/nedelements.cc
/usr/bin/g++                -m64 -c -o simulator/cmodule.o -DSPEC -DNDEBUG -Isimulator/platdep -Isimulator -Imodel -DWITH_NETBUILDER  -g -O3  -fno-unsafe-math-optimizations  -fno-tree-loop-vectorize       -fopenmp -DSPEC_OPENMP  -DSPEC_LP64  simulator/cmodule.cc
simulator/cmodule.cc: In destructor 'virtual cModule::~cModule()':
simulator/cmodule.cc:75:94: warning: throw will always call terminate() [-Wterminate]
             throw cRuntimeError("Cannot delete a compound module from one of its submodules!");
                                                                                              ^
simulator/cmodule.cc:75:94: note: in C++11 destructors default to noexcept
/usr/bin/g++                -m64 -c -o simulator/cpacketqueue.o -DSPEC -DNDEBUG -Isimulator/platdep -Isimulator -Imodel -DWITH_NETBUILDER  -g -O3  -fno-unsafe-math-optimizations  -fno-tree-loop-vectorize       -fopenmp -DSPEC_OPENMP  -DSPEC_LP64  simulator/cpacketqueue.cc
/usr/bin/g++                -m64 -c -o simulator/nedparser.o -DSPEC -DNDEBUG -Isimulator/platdep -Isimulator -Imodel -DWITH_NETBUILDER  -g -O3  -fno-unsafe-math-optimizations  -fno-tree-loop-vectorize       -fopenmp -DSPEC_OPENMP  -DSPEC_LP64  simulator/nedparser.cc
/usr/bin/g++                -m64 -c -o simulator/cexpressionbuilder.o -DSPEC -DNDEBUG -Isimulator/platdep -Isimulator -Imodel -DWITH_NETBUILDER  -g -O3  -fno-unsafe-math-optimizations  -fno-tree-loop-vectorize       -fopenmp -DSPEC_OPENMP  -DSPEC_LP64  simulator/cexpressionbuilder.cc
/usr/bin/g++                -m64 -c -o simulator/ccompoundmodule.o -DSPEC -DNDEBUG -Isimulator/platdep -Isimulator -Imodel -DWITH_NETBUILDER  -g -O3  -fno-unsafe-math-optimizations  -fno-tree-loop-vectorize       -fopenmp -DSPEC_OPENMP  -DSPEC_LP64  simulator/ccompoundmodule.cc
/usr/bin/g++                -m64 -c -o simulator/eventlogwriter.o -DSPEC -DNDEBUG -Isimulator/platdep -Isimulator -Imodel -DWITH_NETBUILDER  -g -O3  -fno-unsafe-math-optimizations  -fno-tree-loop-vectorize       -fopenmp -DSPEC_OPENMP  -DSPEC_LP64  simulator/eventlogwriter.cc
/usr/bin/g++                -m64 -c -o simulator/main.o -DSPEC -DNDEBUG -Isimulator/platdep -Isimulator -Imodel -DWITH_NETBUILDER  -g -O3  -fno-unsafe-math-optimizations  -fno-tree-loop-vectorize       -fopenmp -DSPEC_OPENMP  -DSPEC_LP64  simulator/main.cc
/usr/bin/g++                -m64 -c -o simulator/cconfigoption.o -DSPEC -DNDEBUG -Isimulator/platdep -Isimulator -Imodel -DWITH_NETBUILDER  -g -O3  -fno-unsafe-math-optimizations  -fno-tree-loop-vectorize       -fopenmp -DSPEC_OPENMP  -DSPEC_LP64  simulator/cconfigoption.cc
/usr/bin/g++                -m64 -c -o simulator/lex.expryy.o -DSPEC -DNDEBUG -Isimulator/platdep -Isimulator -Imodel -DWITH_NETBUILDER  -g -O3  -fno-unsafe-math-optimizations  -fno-tree-loop-vectorize       -fopenmp -DSPEC_OPENMP  -DSPEC_LP64  simulator/lex.expryy.cc
/usr/bin/g++                -m64 -c -o simulator/ned1.tab.o -DSPEC -DNDEBUG -Isimulator/platdep -Isimulator -Imodel -DWITH_NETBUILDER  -g -O3  -fno-unsafe-math-optimizations  -fno-tree-loop-vectorize       -fopenmp -DSPEC_OPENMP  -DSPEC_LP64  simulator/ned1.tab.cc
/usr/bin/g++                -m64 -c -o simulator/nedutil.o -DSPEC -DNDEBUG -Isimulator/platdep -Isimulator -Imodel -DWITH_NETBUILDER  -g -O3  -fno-unsafe-math-optimizations  -fno-tree-loop-vectorize       -fopenmp -DSPEC_OPENMP  -DSPEC_LP64  simulator/nedutil.cc
/usr/bin/g++                -m64 -c -o simulator/cvarhist.o -DSPEC -DNDEBUG -Isimulator/platdep -Isimulator -Imodel -DWITH_NETBUILDER  -g -O3  -fno-unsafe-math-optimizations  -fno-tree-loop-vectorize       -fopenmp -DSPEC_OPENMP  -DSPEC_LP64  simulator/cvarhist.cc
/usr/bin/g++                -m64 -c -o simulator/ned1generator.o -DSPEC -DNDEBUG -Isimulator/platdep -Isimulator -Imodel -DWITH_NETBUILDER  -g -O3  -fno-unsafe-math-optimizations  -fno-tree-loop-vectorize       -fopenmp -DSPEC_OPENMP  -DSPEC_LP64  simulator/ned1generator.cc
/usr/bin/g++                -m64 -c -o simulator/akaroarng.o -DSPEC -DNDEBUG -Isimulator/platdep -Isimulator -Imodel -DWITH_NETBUILDER  -g -O3  -fno-unsafe-math-optimizations  -fno-tree-loop-vectorize       -fopenmp -DSPEC_OPENMP  -DSPEC_LP64  simulator/akaroarng.cc
/usr/bin/g++                -m64 -c -o simulator/startup.o -DSPEC -DNDEBUG -Isimulator/platdep -Isimulator -Imodel -DWITH_NETBUILDER  -g -O3  -fno-unsafe-math-optimizations  -fno-tree-loop-vectorize       -fopenmp -DSPEC_OPENMP  -DSPEC_LP64  simulator/startup.cc
/usr/bin/g++                -m64 -c -o simulator/objectprinter.o -DSPEC -DNDEBUG -Isimulator/platdep -Isimulator -Imodel -DWITH_NETBUILDER  -g -O3  -fno-unsafe-math-optimizations  -fno-tree-loop-vectorize       -fopenmp -DSPEC_OPENMP  -DSPEC_LP64  simulator/objectprinter.cc
/usr/bin/g++                -m64 -c -o simulator/cmathfunction.o -DSPEC -DNDEBUG -Isimulator/platdep -Isimulator -Imodel -DWITH_NETBUILDER  -g -O3  -fno-unsafe-math-optimizations  -fno-tree-loop-vectorize       -fopenmp -DSPEC_OPENMP  -DSPEC_LP64  simulator/cmathfunction.cc
/usr/bin/g++                -m64 -c -o simulator/eventlogfilemgr.o -DSPEC -DNDEBUG -Isimulator/platdep -Isimulator -Imodel -DWITH_NETBUILDER  -g -O3  -fno-unsafe-math-optimizations  -fno-tree-loop-vectorize       -fopenmp -DSPEC_OPENMP  -DSPEC_LP64  simulator/eventlogfilemgr.cc
/usr/bin/g++                -m64 -c -o simulator/lex.msg2yy.o -DSPEC -DNDEBUG -Isimulator/platdep -Isimulator -Imodel -DWITH_NETBUILDER  -g -O3  -fno-unsafe-math-optimizations  -fno-tree-loop-vectorize       -fopenmp -DSPEC_OPENMP  -DSPEC_LP64  simulator/lex.msg2yy.cc
/usr/bin/g++                -m64 -c -o simulator/cdoubleparimpl.o -DSPEC -DNDEBUG -Isimulator/platdep -Isimulator -Imodel -DWITH_NETBUILDER  -g -O3  -fno-unsafe-math-optimizations  -fno-tree-loop-vectorize       -fopenmp -DSPEC_OPENMP  -DSPEC_LP64  simulator/cdoubleparimpl.cc
/usr/bin/g++                -m64 -c -o simulator/simtime.o -DSPEC -DNDEBUG -Isimulator/platdep -Isimulator -Imodel -DWITH_NETBUILDER  -g -O3  -fno-unsafe-math-optimizations  -fno-tree-loop-vectorize       -fopenmp -DSPEC_OPENMP  -DSPEC_LP64  simulator/simtime.cc
/usr/bin/g++                -m64 -c -o simulator/cmessageheap.o -DSPEC -DNDEBUG -Isimulator/platdep -Isimulator -Imodel -DWITH_NETBUILDER  -g -O3  -fno-unsafe-math-optimizations  -fno-tree-loop-vectorize       -fopenmp -DSPEC_OPENMP  -DSPEC_LP64  simulator/cmessageheap.cc
/usr/bin/g++                -m64 -c -o simulator/cdetect.o -DSPEC -DNDEBUG -Isimulator/platdep -Isimulator -Imodel -DWITH_NETBUILDER  -g -O3  -fno-unsafe-math-optimizations  -fno-tree-loop-vectorize       -fopenmp -DSPEC_OPENMP  -DSPEC_LP64  simulator/cdetect.cc
/usr/bin/g++                -m64 -c -o simulator/errmsg.o -DSPEC -DNDEBUG -Isimulator/platdep -Isimulator -Imodel -DWITH_NETBUILDER  -g -O3  -fno-unsafe-math-optimizations  -fno-tree-loop-vectorize       -fopenmp -DSPEC_OPENMP  -DSPEC_LP64  simulator/errmsg.cc
/usr/bin/g++                -m64 -c -o simulator/lcgrandom.o -DSPEC -DNDEBUG -Isimulator/platdep -Isimulator -Imodel -DWITH_NETBUILDER  -g -O3  -fno-unsafe-math-optimizations  -fno-tree-loop-vectorize       -fopenmp -DSPEC_OPENMP  -DSPEC_LP64  simulator/lcgrandom.cc
/usr/bin/g++                -m64 -c -o simulator/chistogram.o -DSPEC -DNDEBUG -Isimulator/platdep -Isimulator -Imodel -DWITH_NETBUILDER  -g -O3  -fno-unsafe-math-optimizations  -fno-tree-loop-vectorize       -fopenmp -DSPEC_OPENMP  -DSPEC_LP64  simulator/chistogram.cc
/usr/bin/g++                -m64 -c -o simulator/nedtypeinfo.o -DSPEC -DNDEBUG -Isimulator/platdep -Isimulator -Imodel -DWITH_NETBUILDER  -g -O3  -fno-unsafe-math-optimizations  -fno-tree-loop-vectorize       -fopenmp -DSPEC_OPENMP  -DSPEC_LP64  simulator/nedtypeinfo.cc
/usr/bin/g++                -m64 -c -o simulator/cregistrationlist.o -DSPEC -DNDEBUG -Isimulator/platdep -Isimulator -Imodel -DWITH_NETBUILDER  -g -O3  -fno-unsafe-math-optimizations  -fno-tree-loop-vectorize       -fopenmp -DSPEC_OPENMP  -DSPEC_LP64  simulator/cregistrationlist.cc
/usr/bin/g++                -m64 -c -o simulator/ccommbuffer.o -DSPEC -DNDEBUG -Isimulator/platdep -Isimulator -Imodel -DWITH_NETBUILDER  -g -O3  -fno-unsafe-math-optimizations  -fno-tree-loop-vectorize       -fopenmp -DSPEC_OPENMP  -DSPEC_LP64  simulator/ccommbuffer.cc
/usr/bin/g++                -m64 -c -o simulator/runattributes.o -DSPEC -DNDEBUG -Isimulator/platdep -Isimulator -Imodel -DWITH_NETBUILDER  -g -O3  -fno-unsafe-math-optimizations  -fno-tree-loop-vectorize       -fopenmp -DSPEC_OPENMP  -DSPEC_LP64  simulator/runattributes.cc
/usr/bin/g++                -m64 -c -o simulator/carray.o -DSPEC -DNDEBUG -Isimulator/platdep -Isimulator -Imodel -DWITH_NETBUILDER  -g -O3  -fno-unsafe-math-optimizations  -fno-tree-loop-vectorize       -fopenmp -DSPEC_OPENMP  -DSPEC_LP64  simulator/carray.cc
/usr/bin/g++                -m64 -c -o simulator/inifilereader.o -DSPEC -DNDEBUG -Isimulator/platdep -Isimulator -Imodel -DWITH_NETBUILDER  -g -O3  -fno-unsafe-math-optimizations  -fno-tree-loop-vectorize       -fopenmp -DSPEC_OPENMP  -DSPEC_LP64  simulator/inifilereader.cc
/usr/bin/g++                -m64 -c -o simulator/expression.o -DSPEC -DNDEBUG -Isimulator/platdep -Isimulator -Imodel -DWITH_NETBUILDER  -g -O3  -fno-unsafe-math-optimizations  -fno-tree-loop-vectorize       -fopenmp -DSPEC_OPENMP  -DSPEC_LP64  simulator/expression.cc
/usr/bin/g++                -m64 -c -o simulator/expr.tab.o -DSPEC -DNDEBUG -Isimulator/platdep -Isimulator -Imodel -DWITH_NETBUILDER  -g -O3  -fno-unsafe-math-optimizations  -fno-tree-loop-vectorize       -fopenmp -DSPEC_OPENMP  -DSPEC_LP64  simulator/expr.tab.cc
/usr/bin/g++                -m64 -c -o simulator/clongparimpl.o -DSPEC -DNDEBUG -Isimulator/platdep -Isimulator -Imodel -DWITH_NETBUILDER  -g -O3  -fno-unsafe-math-optimizations  -fno-tree-loop-vectorize       -fopenmp -DSPEC_OPENMP  -DSPEC_LP64  simulator/clongparimpl.cc
/usr/bin/g++                -m64 -c -o simulator/csimplemodule.o -DSPEC -DNDEBUG -Isimulator/platdep -Isimulator -Imodel -DWITH_NETBUILDER  -g -O3  -fno-unsafe-math-optimizations  -fno-tree-loop-vectorize       -fopenmp -DSPEC_OPENMP  -DSPEC_LP64  simulator/csimplemodule.cc
simulator/csimplemodule.cc: In destructor 'virtual cSimpleModule::~cSimpleModule()':
simulator/csimplemodule.cc:219:82: warning: throw will always call terminate() [-Wterminate]
         throw cRuntimeError(this, "cannot delete itself, only via deleteModule()");
                                                                                  ^
simulator/csimplemodule.cc:219:82: note: in C++11 destructors default to noexcept
/usr/bin/g++                -m64 -c -o simulator/cnamedobject.o -DSPEC -DNDEBUG -Isimulator/platdep -Isimulator -Imodel -DWITH_NETBUILDER  -g -O3  -fno-unsafe-math-optimizations  -fno-tree-loop-vectorize       -fopenmp -DSPEC_OPENMP  -DSPEC_LP64  simulator/cnamedobject.cc
/usr/bin/g++                -m64 -c -o simulator/cboolparimpl.o -DSPEC -DNDEBUG -Isimulator/platdep -Isimulator -Imodel -DWITH_NETBUILDER  -g -O3  -fno-unsafe-math-optimizations  -fno-tree-loop-vectorize       -fopenmp -DSPEC_OPENMP  -DSPEC_LP64  simulator/cboolparimpl.cc
/usr/bin/g++                -m64 -c -o simulator/cdelaychannel.o -DSPEC -DNDEBUG -Isimulator/platdep -Isimulator -Imodel -DWITH_NETBUILDER  -g -O3  -fno-unsafe-math-optimizations  -fno-tree-loop-vectorize       -fopenmp -DSPEC_OPENMP  -DSPEC_LP64  simulator/cdelaychannel.cc
/usr/bin/g++                -m64 -c -o simulator/cksplit.o -DSPEC -DNDEBUG -Isimulator/platdep -Isimulator -Imodel -DWITH_NETBUILDER  -g -O3  -fno-unsafe-math-optimizations  -fno-tree-loop-vectorize       -fopenmp -DSPEC_OPENMP  -DSPEC_LP64  simulator/cksplit.cc
/usr/bin/g++                -m64 -c -o simulator/onstartup.o -DSPEC -DNDEBUG -Isimulator/platdep -Isimulator -Imodel -DWITH_NETBUILDER  -g -O3  -fno-unsafe-math-optimizations  -fno-tree-loop-vectorize       -fopenmp -DSPEC_OPENMP  -DSPEC_LP64  simulator/onstartup.cc
/usr/bin/g++                -m64 -c -o simulator/cmsgpar.o -DSPEC -DNDEBUG -Isimulator/platdep -Isimulator -Imodel -DWITH_NETBUILDER  -g -O3  -fno-unsafe-math-optimizations  -fno-tree-loop-vectorize       -fopenmp -DSPEC_OPENMP  -DSPEC_LP64  simulator/cmsgpar.cc
/usr/bin/g++                -m64 -c -o simulator/cfsm.o -DSPEC -DNDEBUG -Isimulator/platdep -Isimulator -Imodel -DWITH_NETBUILDER  -g -O3  -fno-unsafe-math-optimizations  -fno-tree-loop-vectorize       -fopenmp -DSPEC_OPENMP  -DSPEC_LP64  simulator/cfsm.cc
/usr/bin/g++                -m64 -c -o simulator/cxmlelement.o -DSPEC -DNDEBUG -Isimulator/platdep -Isimulator -Imodel -DWITH_NETBUILDER  -g -O3  -fno-unsafe-math-optimizations  -fno-tree-loop-vectorize       -fopenmp -DSPEC_OPENMP  -DSPEC_LP64  simulator/cxmlelement.cc
/usr/bin/g++                -m64 -c -o simulator/lex.expressionyy.o -DSPEC -DNDEBUG -Isimulator/platdep -Isimulator -Imodel -DWITH_NETBUILDER  -g -O3  -fno-unsafe-math-optimizations  -fno-tree-loop-vectorize       -fopenmp -DSPEC_OPENMP  -DSPEC_LP64  simulator/lex.expressionyy.cc
/usr/bin/g++                -m64 -c -o simulator/nedfilebuffer.o -DSPEC -DNDEBUG -Isimulator/platdep -Isimulator -Imodel -DWITH_NETBUILDER  -g -O3  -fno-unsafe-math-optimizations  -fno-tree-loop-vectorize       -fopenmp -DSPEC_OPENMP  -DSPEC_LP64  simulator/nedfilebuffer.cc
/usr/bin/g++                -m64 -c -o simulator/cenum.o -DSPEC -DNDEBUG -Isimulator/platdep -Isimulator -Imodel -DWITH_NETBUILDER  -g -O3  -fno-unsafe-math-optimizations  -fno-tree-loop-vectorize       -fopenmp -DSPEC_OPENMP  -DSPEC_LP64  simulator/cenum.cc
/usr/bin/g++                -m64 -c -o simulator/fsutils.o -DSPEC -DNDEBUG -Isimulator/platdep -Isimulator -Imodel -DWITH_NETBUILDER  -g -O3  -fno-unsafe-math-optimizations  -fno-tree-loop-vectorize       -fopenmp -DSPEC_OPENMP  -DSPEC_LP64  simulator/fsutils.cc
/usr/bin/g++                -m64 -c -o simulator/enumstr.o -DSPEC -DNDEBUG -Isimulator/platdep -Isimulator -Imodel -DWITH_NETBUILDER  -g -O3  -fno-unsafe-math-optimizations  -fno-tree-loop-vectorize       -fopenmp -DSPEC_OPENMP  -DSPEC_LP64  simulator/enumstr.cc
/usr/bin/g++                -m64 -c -o simulator/cdynamicmoduletype.o -DSPEC -DNDEBUG -Isimulator/platdep -Isimulator -Imodel -DWITH_NETBUILDER  -g -O3  -fno-unsafe-math-optimizations  -fno-tree-loop-vectorize       -fopenmp -DSPEC_OPENMP  -DSPEC_LP64  simulator/cdynamicmoduletype.cc
/usr/bin/g++                -m64 -c -o simulator/ned2generator.o -DSPEC -DNDEBUG -Isimulator/platdep -Isimulator -Imodel -DWITH_NETBUILDER  -g -O3  -fno-unsafe-math-optimizations  -fno-tree-loop-vectorize       -fopenmp -DSPEC_OPENMP  -DSPEC_LP64  simulator/ned2generator.cc
/usr/bin/g++                -m64 -c -o simulator/displaystring.o -DSPEC -DNDEBUG -Isimulator/platdep -Isimulator -Imodel -DWITH_NETBUILDER  -g -O3  -fno-unsafe-math-optimizations  -fno-tree-loop-vectorize       -fopenmp -DSPEC_OPENMP  -DSPEC_LP64  simulator/displaystring.cc
/usr/bin/g++                -m64 -c -o simulator/fileglobber.o -DSPEC -DNDEBUG -Isimulator/platdep -Isimulator -Imodel -DWITH_NETBUILDER  -g -O3  -fno-unsafe-math-optimizations  -fno-tree-loop-vectorize       -fopenmp -DSPEC_OPENMP  -DSPEC_LP64  simulator/fileglobber.cc
/usr/bin/g++                -m64 -c -o simulator/saxparser_none.o -DSPEC -DNDEBUG -Isimulator/platdep -Isimulator -Imodel -DWITH_NETBUILDER  -g -O3  -fno-unsafe-math-optimizations  -fno-tree-loop-vectorize       -fopenmp -DSPEC_OPENMP  -DSPEC_LP64  simulator/saxparser_none.cc
/usr/bin/g++                -m64 -c -o simulator/cdensityestbase.o -DSPEC -DNDEBUG -Isimulator/platdep -Isimulator -Imodel -DWITH_NETBUILDER  -g -O3  -fno-unsafe-math-optimizations  -fno-tree-loop-vectorize       -fopenmp -DSPEC_OPENMP  -DSPEC_LP64  simulator/cdensityestbase.cc
/usr/bin/g++                -m64 -c -o simulator/sectionbasedconfig.o -DSPEC -DNDEBUG -Isimulator/platdep -Isimulator -Imodel -DWITH_NETBUILDER  -g -O3  -fno-unsafe-math-optimizations  -fno-tree-loop-vectorize       -fopenmp -DSPEC_OPENMP  -DSPEC_LP64  simulator/sectionbasedconfig.cc
/usr/bin/g++                -m64 -c -o simulator/cxmldoccache.o -DSPEC -DNDEBUG -Isimulator/platdep -Isimulator -Imodel -DWITH_NETBUILDER  -g -O3  -fno-unsafe-math-optimizations  -fno-tree-loop-vectorize       -fopenmp -DSPEC_OPENMP  -DSPEC_LP64  simulator/cxmldoccache.cc
/usr/bin/g++                -m64 -c -o simulator/cparsimcomm.o -DSPEC -DNDEBUG -Isimulator/platdep -Isimulator -Imodel -DWITH_NETBUILDER  -g -O3  -fno-unsafe-math-optimizations  -fno-tree-loop-vectorize       -fopenmp -DSPEC_OPENMP  -DSPEC_LP64  simulator/cparsimcomm.cc
/usr/bin/g++                -m64 -c -o simulator/stringutil.o -DSPEC -DNDEBUG -Isimulator/platdep -Isimulator -Imodel -DWITH_NETBUILDER  -g -O3  -fno-unsafe-math-optimizations  -fno-tree-loop-vectorize       -fopenmp -DSPEC_OPENMP  -DSPEC_LP64  simulator/stringutil.cc
/usr/bin/g++                -m64 -c -o simulator/ctopology.o -DSPEC -DNDEBUG -Isimulator/platdep -Isimulator -Imodel -DWITH_NETBUILDER  -g -O3  -fno-unsafe-math-optimizations  -fno-tree-loop-vectorize       -fopenmp -DSPEC_OPENMP  -DSPEC_LP64  simulator/ctopology.cc
/usr/bin/g++                -m64 -c -o simulator/cproperties.o -DSPEC -DNDEBUG -Isimulator/platdep -Isimulator -Imodel -DWITH_NETBUILDER  -g -O3  -fno-unsafe-math-optimizations  -fno-tree-loop-vectorize       -fopenmp -DSPEC_OPENMP  -DSPEC_LP64  simulator/cproperties.cc
/usr/bin/g++                -m64 -c -o simulator/cexception.o -DSPEC -DNDEBUG -Isimulator/platdep -Isimulator -Imodel -DWITH_NETBUILDER  -g -O3  -fno-unsafe-math-optimizations  -fno-tree-loop-vectorize       -fopenmp -DSPEC_OPENMP  -DSPEC_LP64  simulator/cexception.cc
/usr/bin/g++                -m64 -c -o simulator/cownedobject.o -DSPEC -DNDEBUG -Isimulator/platdep -Isimulator -Imodel -DWITH_NETBUILDER  -g -O3  -fno-unsafe-math-optimizations  -fno-tree-loop-vectorize       -fopenmp -DSPEC_OPENMP  -DSPEC_LP64  simulator/cownedobject.cc
/usr/bin/g++                -m64 -c -o simulator/lex.ned1yy.o -DSPEC -DNDEBUG -Isimulator/platdep -Isimulator -Imodel -DWITH_NETBUILDER  -g -O3  -fno-unsafe-math-optimizations  -fno-tree-loop-vectorize       -fopenmp -DSPEC_OPENMP  -DSPEC_LP64  simulator/lex.ned1yy.cc
/usr/bin/g++                -m64 -c -o simulator/linetokenizer.o -DSPEC -DNDEBUG -Isimulator/platdep -Isimulator -Imodel -DWITH_NETBUILDER  -g -O3  -fno-unsafe-math-optimizations  -fno-tree-loop-vectorize       -fopenmp -DSPEC_OPENMP  -DSPEC_LP64  simulator/linetokenizer.cc
/usr/bin/g++                -m64 -c -o simulator/cnednetworkbuilder.o -DSPEC -DNDEBUG -Isimulator/platdep -Isimulator -Imodel -DWITH_NETBUILDER  -g -O3  -fno-unsafe-math-optimizations  -fno-tree-loop-vectorize       -fopenmp -DSPEC_OPENMP  -DSPEC_LP64  simulator/cnednetworkbuilder.cc
/usr/bin/g++                -m64 -c -o simulator/nedelement.o -DSPEC -DNDEBUG -Isimulator/platdep -Isimulator -Imodel -DWITH_NETBUILDER  -g -O3  -fno-unsafe-math-optimizations  -fno-tree-loop-vectorize       -fopenmp -DSPEC_OPENMP  -DSPEC_LP64  simulator/nedelement.cc
/usr/bin/g++                -m64 -c -o simulator/cnedfunction.o -DSPEC -DNDEBUG -Isimulator/platdep -Isimulator -Imodel -DWITH_NETBUILDER  -g -O3  -fno-unsafe-math-optimizations  -fno-tree-loop-vectorize       -fopenmp -DSPEC_OPENMP  -DSPEC_LP64  simulator/cnedfunction.cc
/usr/bin/g++                -m64 -c -o simulator/opp_run.o -DSPEC -DNDEBUG -Isimulator/platdep -Isimulator -Imodel -DWITH_NETBUILDER  -g -O3  -fno-unsafe-math-optimizations  -fno-tree-loop-vectorize       -fopenmp -DSPEC_OPENMP  -DSPEC_LP64  simulator/opp_run.cc
/usr/bin/g++                -m64 -c -o simulator/bigdecimal.o -DSPEC -DNDEBUG -Isimulator/platdep -Isimulator -Imodel -DWITH_NETBUILDER  -g -O3  -fno-unsafe-math-optimizations  -fno-tree-loop-vectorize       -fopenmp -DSPEC_OPENMP  -DSPEC_LP64  simulator/bigdecimal.cc
/usr/bin/g++                -m64 -c -o simulator/cproperty.o -DSPEC -DNDEBUG -Isimulator/platdep -Isimulator -Imodel -DWITH_NETBUILDER  -g -O3  -fno-unsafe-math-optimizations  -fno-tree-loop-vectorize       -fopenmp -DSPEC_OPENMP  -DSPEC_LP64  simulator/cproperty.cc
/usr/bin/g++                -m64 -c -o simulator/nedtools.o -DSPEC -DNDEBUG -Isimulator/platdep -Isimulator -Imodel -DWITH_NETBUILDER  -g -O3  -fno-unsafe-math-optimizations  -fno-tree-loop-vectorize       -fopenmp -DSPEC_OPENMP  -DSPEC_LP64  simulator/nedtools.cc
/usr/bin/g++                -m64 -c -o simulator/nedsaxhandler.o -DSPEC -DNDEBUG -Isimulator/platdep -Isimulator -Imodel -DWITH_NETBUILDER  -g -O3  -fno-unsafe-math-optimizations  -fno-tree-loop-vectorize       -fopenmp -DSPEC_OPENMP  -DSPEC_LP64  simulator/nedsaxhandler.cc
/usr/bin/g++                -m64 -c -o simulator/ccomponent.o -DSPEC -DNDEBUG -Isimulator/platdep -Isimulator -Imodel -DWITH_NETBUILDER  -g -O3  -fno-unsafe-math-optimizations  -fno-tree-loop-vectorize       -fopenmp -DSPEC_OPENMP  -DSPEC_LP64  simulator/ccomponent.cc
/usr/bin/g++                -m64 -c -o simulator/matchexpression.tab.o -DSPEC -DNDEBUG -Isimulator/platdep -Isimulator -Imodel -DWITH_NETBUILDER  -g -O3  -fno-unsafe-math-optimizations  -fno-tree-loop-vectorize       -fopenmp -DSPEC_OPENMP  -DSPEC_LP64  simulator/matchexpression.tab.cc
/usr/bin/g++                -m64 -c -o simulator/task.o -DSPEC -DNDEBUG -Isimulator/platdep -Isimulator -Imodel -DWITH_NETBUILDER  -g -O3  -fno-unsafe-math-optimizations  -fno-tree-loop-vectorize       -fopenmp -DSPEC_OPENMP  -DSPEC_LP64  simulator/task.cc
/usr/bin/g++                -m64 -c -o simulator/clinkedlist.o -DSPEC -DNDEBUG -Isimulator/platdep -Isimulator -Imodel -DWITH_NETBUILDER  -g -O3  -fno-unsafe-math-optimizations  -fno-tree-loop-vectorize       -fopenmp -DSPEC_OPENMP  -DSPEC_LP64  simulator/clinkedlist.cc
/usr/bin/g++                -m64 -c -o simulator/nedxmlparser.o -DSPEC -DNDEBUG -Isimulator/platdep -Isimulator -Imodel -DWITH_NETBUILDER  -g -O3  -fno-unsafe-math-optimizations  -fno-tree-loop-vectorize       -fopenmp -DSPEC_OPENMP  -DSPEC_LP64  simulator/nedxmlparser.cc
/usr/bin/g++                -m64 -c -o simulator/cneddeclaration.o -DSPEC -DNDEBUG -Isimulator/platdep -Isimulator -Imodel -DWITH_NETBUILDER  -g -O3  -fno-unsafe-math-optimizations  -fno-tree-loop-vectorize       -fopenmp -DSPEC_OPENMP  -DSPEC_LP64  simulator/cneddeclaration.cc
/usr/bin/g++                -m64 -c -o simulator/cnedloader.o -DSPEC -DNDEBUG -Isimulator/platdep -Isimulator -Imodel -DWITH_NETBUILDER  -g -O3  -fno-unsafe-math-optimizations  -fno-tree-loop-vectorize       -fopenmp -DSPEC_OPENMP  -DSPEC_LP64  simulator/cnedloader.cc
/usr/bin/g++                -m64 -c -o simulator/cstlwatch.o -DSPEC -DNDEBUG -Isimulator/platdep -Isimulator -Imodel -DWITH_NETBUILDER  -g -O3  -fno-unsafe-math-optimizations  -fno-tree-loop-vectorize       -fopenmp -DSPEC_OPENMP  -DSPEC_LP64  simulator/cstlwatch.cc
/usr/bin/g++                -m64 -c -o simulator/cdynamicexpression.o -DSPEC -DNDEBUG -Isimulator/platdep -Isimulator -Imodel -DWITH_NETBUILDER  -g -O3  -fno-unsafe-math-optimizations  -fno-tree-loop-vectorize       -fopenmp -DSPEC_OPENMP  -DSPEC_LP64  simulator/cdynamicexpression.cc
/usr/bin/g++                -m64 -c -o simulator/minixpath.o -DSPEC -DNDEBUG -Isimulator/platdep -Isimulator -Imodel -DWITH_NETBUILDER  -g -O3  -fno-unsafe-math-optimizations  -fno-tree-loop-vectorize       -fopenmp -DSPEC_OPENMP  -DSPEC_LP64  simulator/minixpath.cc
/usr/bin/g++                -m64 -c -o simulator/cclassdescriptor.o -DSPEC -DNDEBUG -Isimulator/platdep -Isimulator -Imodel -DWITH_NETBUILDER  -g -O3  -fno-unsafe-math-optimizations  -fno-tree-loop-vectorize       -fopenmp -DSPEC_OPENMP  -DSPEC_LP64  simulator/cclassdescriptor.cc
/usr/bin/g++                -m64 -c -o simulator/cpar.o -DSPEC -DNDEBUG -Isimulator/platdep -Isimulator -Imodel -DWITH_NETBUILDER  -g -O3  -fno-unsafe-math-optimizations  -fno-tree-loop-vectorize       -fopenmp -DSPEC_OPENMP  -DSPEC_LP64  simulator/cpar.cc
/usr/bin/g++                -m64 -c -o simulator/coutvector.o -DSPEC -DNDEBUG -Isimulator/platdep -Isimulator -Imodel -DWITH_NETBUILDER  -g -O3  -fno-unsafe-math-optimizations  -fno-tree-loop-vectorize       -fopenmp -DSPEC_OPENMP  -DSPEC_LP64  simulator/coutvector.cc
/usr/bin/g++                -m64 -c -o simulator/args.o -DSPEC -DNDEBUG -Isimulator/platdep -Isimulator -Imodel -DWITH_NETBUILDER  -g -O3  -fno-unsafe-math-optimizations  -fno-tree-loop-vectorize       -fopenmp -DSPEC_OPENMP  -DSPEC_LP64  simulator/args.cc
/usr/bin/g++                -m64 -c -o simulator/matchexpression.o -DSPEC -DNDEBUG -Isimulator/platdep -Isimulator -Imodel -DWITH_NETBUILDER  -g -O3  -fno-unsafe-math-optimizations  -fno-tree-loop-vectorize       -fopenmp -DSPEC_OPENMP  -DSPEC_LP64  simulator/matchexpression.cc
/usr/bin/g++                -m64 -c -o simulator/exception.o -DSPEC -DNDEBUG -Isimulator/platdep -Isimulator -Imodel -DWITH_NETBUILDER  -g -O3  -fno-unsafe-math-optimizations  -fno-tree-loop-vectorize       -fopenmp -DSPEC_OPENMP  -DSPEC_LP64  simulator/exception.cc
/usr/bin/g++                -m64 -c -o simulator/nedsyntaxvalidator.o -DSPEC -DNDEBUG -Isimulator/platdep -Isimulator -Imodel -DWITH_NETBUILDER  -g -O3  -fno-unsafe-math-optimizations  -fno-tree-loop-vectorize       -fopenmp -DSPEC_OPENMP  -DSPEC_LP64  simulator/nedsyntaxvalidator.cc
/usr/bin/g++                -m64 -c -o simulator/cqueue.o -DSPEC -DNDEBUG -Isimulator/platdep -Isimulator -Imodel -DWITH_NETBUILDER  -g -O3  -fno-unsafe-math-optimizations  -fno-tree-loop-vectorize       -fopenmp -DSPEC_OPENMP  -DSPEC_LP64  simulator/cqueue.cc
/usr/bin/g++                -m64 -c -o simulator/fileutil.o -DSPEC -DNDEBUG -Isimulator/platdep -Isimulator -Imodel -DWITH_NETBUILDER  -g -O3  -fno-unsafe-math-optimizations  -fno-tree-loop-vectorize       -fopenmp -DSPEC_OPENMP  -DSPEC_LP64  simulator/fileutil.cc
simulator/fileutil.cc: In destructor 'PushDir::~PushDir()':
simulator/fileutil.cc:273:91: warning: throw will always call terminate() [-Wterminate]
             throw opp_runtime_error("cannot change back to directory `%s'", olddir.c_str());
                                                                                           ^
simulator/fileutil.cc:273:91: note: in C++11 destructors default to noexcept
/usr/bin/g++                -m64 -c -o simulator/cclassfactory.o -DSPEC -DNDEBUG -Isimulator/platdep -Isimulator -Imodel -DWITH_NETBUILDER  -g -O3  -fno-unsafe-math-optimizations  -fno-tree-loop-vectorize       -fopenmp -DSPEC_OPENMP  -DSPEC_LP64  simulator/cclassfactory.cc
/usr/bin/g++                -m64 -c -o simulator/matchexpressionlexer.o -DSPEC -DNDEBUG -Isimulator/platdep -Isimulator -Imodel -DWITH_NETBUILDER  -g -O3  -fno-unsafe-math-optimizations  -fno-tree-loop-vectorize       -fopenmp -DSPEC_OPENMP  -DSPEC_LP64  simulator/matchexpressionlexer.cc
/usr/bin/g++                -m64 -c -o simulator/stringtokenizer.o -DSPEC -DNDEBUG -Isimulator/platdep -Isimulator -Imodel -DWITH_NETBUILDER  -g -O3  -fno-unsafe-math-optimizations  -fno-tree-loop-vectorize       -fopenmp -DSPEC_OPENMP  -DSPEC_LP64  simulator/stringtokenizer.cc
/usr/bin/g++                -m64 -c -o simulator/distrib.o -DSPEC -DNDEBUG -Isimulator/platdep -Isimulator -Imodel -DWITH_NETBUILDER  -g -O3  -fno-unsafe-math-optimizations  -fno-tree-loop-vectorize       -fopenmp -DSPEC_OPENMP  -DSPEC_LP64  simulator/distrib.cc
/usr/bin/g++                -m64 -c -o simulator/nedresourcecache.o -DSPEC -DNDEBUG -Isimulator/platdep -Isimulator -Imodel -DWITH_NETBUILDER  -g -O3  -fno-unsafe-math-optimizations  -fno-tree-loop-vectorize       -fopenmp -DSPEC_OPENMP  -DSPEC_LP64  simulator/nedresourcecache.cc
/usr/bin/g++                -m64 -c -o simulator/neddtdvalidatorbase.o -DSPEC -DNDEBUG -Isimulator/platdep -Isimulator -Imodel -DWITH_NETBUILDER  -g -O3  -fno-unsafe-math-optimizations  -fno-tree-loop-vectorize       -fopenmp -DSPEC_OPENMP  -DSPEC_LP64  simulator/neddtdvalidatorbase.cc
/usr/bin/g++                -m64 -c -o simulator/akoutvectormgr.o -DSPEC -DNDEBUG -Isimulator/platdep -Isimulator -Imodel -DWITH_NETBUILDER  -g -O3  -fno-unsafe-math-optimizations  -fno-tree-loop-vectorize       -fopenmp -DSPEC_OPENMP  -DSPEC_LP64  simulator/akoutvectormgr.cc
/usr/bin/g++                -m64 -c -o simulator/cstddev.o -DSPEC -DNDEBUG -Isimulator/platdep -Isimulator -Imodel -DWITH_NETBUILDER  -g -O3  -fno-unsafe-math-optimizations  -fno-tree-loop-vectorize       -fopenmp -DSPEC_OPENMP  -DSPEC_LP64  simulator/cstddev.cc
/usr/bin/g++                -m64 -c -o simulator/nedcrossvalidator.o -DSPEC -DNDEBUG -Isimulator/platdep -Isimulator -Imodel -DWITH_NETBUILDER  -g -O3  -fno-unsafe-math-optimizations  -fno-tree-loop-vectorize       -fopenmp -DSPEC_OPENMP  -DSPEC_LP64  simulator/nedcrossvalidator.cc
/usr/bin/g++                -m64 -c -o simulator/cstatistic.o -DSPEC -DNDEBUG -Isimulator/platdep -Isimulator -Imodel -DWITH_NETBUILDER  -g -O3  -fno-unsafe-math-optimizations  -fno-tree-loop-vectorize       -fopenmp -DSPEC_OPENMP  -DSPEC_LP64  simulator/cstatistic.cc
/usr/bin/g++                -m64 -c -o simulator/ccoroutine.o -DSPEC -DNDEBUG -Isimulator/platdep -Isimulator -Imodel -DWITH_NETBUILDER  -g -O3  -fno-unsafe-math-optimizations  -fno-tree-loop-vectorize       -fopenmp -DSPEC_OPENMP  -DSPEC_LP64  simulator/ccoroutine.cc
/usr/bin/g++                -m64 -c -o simulator/cobject.o -DSPEC -DNDEBUG -Isimulator/platdep -Isimulator -Imodel -DWITH_NETBUILDER  -g -O3  -fno-unsafe-math-optimizations  -fno-tree-loop-vectorize       -fopenmp -DSPEC_OPENMP  -DSPEC_LP64  simulator/cobject.cc
/usr/bin/g++                -m64 -c -o simulator/filesnapshotmgr.o -DSPEC -DNDEBUG -Isimulator/platdep -Isimulator -Imodel -DWITH_NETBUILDER  -g -O3  -fno-unsafe-math-optimizations  -fno-tree-loop-vectorize       -fopenmp -DSPEC_OPENMP  -DSPEC_LP64  simulator/filesnapshotmgr.cc
/usr/bin/g++                -m64 -c -o simulator/commonutil.o -DSPEC -DNDEBUG -Isimulator/platdep -Isimulator -Imodel -DWITH_NETBUILDER  -g -O3  -fno-unsafe-math-optimizations  -fno-tree-loop-vectorize       -fopenmp -DSPEC_OPENMP  -DSPEC_LP64  simulator/commonutil.cc
/usr/bin/g++                -m64 -c -o simulator/unitconversion.o -DSPEC -DNDEBUG -Isimulator/platdep -Isimulator -Imodel -DWITH_NETBUILDER  -g -O3  -fno-unsafe-math-optimizations  -fno-tree-loop-vectorize       -fopenmp -DSPEC_OPENMP  -DSPEC_LP64  simulator/unitconversion.cc
/usr/bin/g++                -m64 -c -o simulator/ccomponenttype.o -DSPEC -DNDEBUG -Isimulator/platdep -Isimulator -Imodel -DWITH_NETBUILDER  -g -O3  -fno-unsafe-math-optimizations  -fno-tree-loop-vectorize       -fopenmp -DSPEC_OPENMP  -DSPEC_LP64  simulator/ccomponenttype.cc
/usr/bin/g++                -m64 -c -o simulator/lex.ned2yy.o -DSPEC -DNDEBUG -Isimulator/platdep -Isimulator -Imodel -DWITH_NETBUILDER  -g -O3  -fno-unsafe-math-optimizations  -fno-tree-loop-vectorize       -fopenmp -DSPEC_OPENMP  -DSPEC_LP64  simulator/lex.ned2yy.cc
/usr/bin/g++                -m64 -c -o simulator/cchannel.o -DSPEC -DNDEBUG -Isimulator/platdep -Isimulator -Imodel -DWITH_NETBUILDER  -g -O3  -fno-unsafe-math-optimizations  -fno-tree-loop-vectorize       -fopenmp -DSPEC_OPENMP  -DSPEC_LP64  simulator/cchannel.cc
/usr/bin/g++                -m64 -c -o simulator/cdefaultlist.o -DSPEC -DNDEBUG -Isimulator/platdep -Isimulator -Imodel -DWITH_NETBUILDER  -g -O3  -fno-unsafe-math-optimizations  -fno-tree-loop-vectorize       -fopenmp -DSPEC_OPENMP  -DSPEC_LP64  simulator/cdefaultlist.cc
/usr/bin/g++                -m64 -c -o simulator/cscheduler.o -DSPEC -DNDEBUG -Isimulator/platdep -Isimulator -Imodel -DWITH_NETBUILDER  -g -O3  -fno-unsafe-math-optimizations  -fno-tree-loop-vectorize       -fopenmp -DSPEC_OPENMP  -DSPEC_LP64  simulator/cscheduler.cc
/usr/bin/g++                -m64 -c -o simulator/stringpool.o -DSPEC -DNDEBUG -Isimulator/platdep -Isimulator -Imodel -DWITH_NETBUILDER  -g -O3  -fno-unsafe-math-optimizations  -fno-tree-loop-vectorize       -fopenmp -DSPEC_OPENMP  -DSPEC_LP64  simulator/stringpool.cc
/usr/bin/g++                -m64 -c -o simulator/ned2.tab.o -DSPEC -DNDEBUG -Isimulator/platdep -Isimulator -Imodel -DWITH_NETBUILDER  -g -O3  -fno-unsafe-math-optimizations  -fno-tree-loop-vectorize       -fopenmp -DSPEC_OPENMP  -DSPEC_LP64  simulator/ned2.tab.cc
/usr/bin/g++                -m64 -c -o simulator/cmersennetwister.o -DSPEC -DNDEBUG -Isimulator/platdep -Isimulator -Imodel -DWITH_NETBUILDER  -g -O3  -fno-unsafe-math-optimizations  -fno-tree-loop-vectorize       -fopenmp -DSPEC_OPENMP  -DSPEC_LP64  simulator/cmersennetwister.cc
/usr/bin/g++                -m64 -c -o simulator/util.o -DSPEC -DNDEBUG -Isimulator/platdep -Isimulator -Imodel -DWITH_NETBUILDER  -g -O3  -fno-unsafe-math-optimizations  -fno-tree-loop-vectorize       -fopenmp -DSPEC_OPENMP  -DSPEC_LP64  simulator/util.cc
/usr/bin/g++                -m64 -c -o simulator/nedfunctions.o -DSPEC -DNDEBUG -Isimulator/platdep -Isimulator -Imodel -DWITH_NETBUILDER  -g -O3  -fno-unsafe-math-optimizations  -fno-tree-loop-vectorize       -fopenmp -DSPEC_OPENMP  -DSPEC_LP64  simulator/nedfunctions.cc
/usr/bin/g++                -m64 -c -o simulator/filereader.o -DSPEC -DNDEBUG -Isimulator/platdep -Isimulator -Imodel -DWITH_NETBUILDER  -g -O3  -fno-unsafe-math-optimizations  -fno-tree-loop-vectorize       -fopenmp -DSPEC_OPENMP  -DSPEC_LP64  simulator/filereader.cc
/usr/bin/g++                -m64 -c -o simulator/intervals.o -DSPEC -DNDEBUG -Isimulator/platdep -Isimulator -Imodel -DWITH_NETBUILDER  -g -O3  -fno-unsafe-math-optimizations  -fno-tree-loop-vectorize       -fopenmp -DSPEC_OPENMP  -DSPEC_LP64  simulator/intervals.cc
/usr/bin/g++                -m64 -c -o simulator/cmdenv.o -DSPEC -DNDEBUG -Isimulator/platdep -Isimulator -Imodel -DWITH_NETBUILDER  -g -O3  -fno-unsafe-math-optimizations  -fno-tree-loop-vectorize       -fopenmp -DSPEC_OPENMP  -DSPEC_LP64  simulator/cmdenv.cc
/usr/bin/g++                -m64 -c -o simulator/fileoutvectormgr.o -DSPEC -DNDEBUG -Isimulator/platdep -Isimulator -Imodel -DWITH_NETBUILDER  -g -O3  -fno-unsafe-math-optimizations  -fno-tree-loop-vectorize       -fopenmp -DSPEC_OPENMP  -DSPEC_LP64  simulator/fileoutvectormgr.cc
/usr/bin/g++                -m64 -c -o simulator/cpsquare.o -DSPEC -DNDEBUG -Isimulator/platdep -Isimulator -Imodel -DWITH_NETBUILDER  -g -O3  -fno-unsafe-math-optimizations  -fno-tree-loop-vectorize       -fopenmp -DSPEC_OPENMP  -DSPEC_LP64  simulator/cpsquare.cc
/usr/bin/g++                -m64 -c -o simulator/indexedfileoutvectormgr.o -DSPEC -DNDEBUG -Isimulator/platdep -Isimulator -Imodel -DWITH_NETBUILDER  -g -O3  -fno-unsafe-math-optimizations  -fno-tree-loop-vectorize       -fopenmp -DSPEC_OPENMP  -DSPEC_LP64  simulator/indexedfileoutvectormgr.cc
/usr/bin/g++                -m64 -c -o model/MACRelayUnitBase.o -DSPEC -DNDEBUG -Isimulator/platdep -Isimulator -Imodel -DWITH_NETBUILDER  -g -O3  -fno-unsafe-math-optimizations  -fno-tree-loop-vectorize       -fopenmp -DSPEC_OPENMP  -DSPEC_LP64  model/MACRelayUnitBase.cc
/usr/bin/g++                -m64 -c -o model/Ieee802Ctrl_m.o -DSPEC -DNDEBUG -Isimulator/platdep -Isimulator -Imodel -DWITH_NETBUILDER  -g -O3  -fno-unsafe-math-optimizations  -fno-tree-loop-vectorize       -fopenmp -DSPEC_OPENMP  -DSPEC_LP64  model/Ieee802Ctrl_m.cc
/usr/bin/g++                -m64 -c -o model/MACAddress.o -DSPEC -DNDEBUG -Isimulator/platdep -Isimulator -Imodel -DWITH_NETBUILDER  -g -O3  -fno-unsafe-math-optimizations  -fno-tree-loop-vectorize       -fopenmp -DSPEC_OPENMP  -DSPEC_LP64  model/MACAddress.cc
/usr/bin/g++                -m64 -c -o model/EtherEncap.o -DSPEC -DNDEBUG -Isimulator/platdep -Isimulator -Imodel -DWITH_NETBUILDER  -g -O3  -fno-unsafe-math-optimizations  -fno-tree-loop-vectorize       -fopenmp -DSPEC_OPENMP  -DSPEC_LP64  model/EtherEncap.cc
/usr/bin/g++                -m64 -c -o model/MACRelayUnitNP.o -DSPEC -DNDEBUG -Isimulator/platdep -Isimulator -Imodel -DWITH_NETBUILDER  -g -O3  -fno-unsafe-math-optimizations  -fno-tree-loop-vectorize       -fopenmp -DSPEC_OPENMP  -DSPEC_LP64  model/MACRelayUnitNP.cc
model/MACRelayUnitNP.cc: In member function 'virtual void MACRelayUnitNP::initialize()':
model/MACRelayUnitNP.cc:57:6: warning: '%d' directive writing between 1 and 10 bytes into a region of size 3 [-Wformat-overflow=]
 void MACRelayUnitNP::initialize()
      ^~~~~~~~~~~~~~
model/MACRelayUnitNP.cc:57:6: note: directive argument in the range [0, 2147483647]
In file included from /usr/include/stdio.h:862:0,
                 from /usr/include/c++/7/cstdio:42,
                 from /usr/include/c++/7/ext/string_conversions.h:43,
                 from /usr/include/c++/7/bits/basic_string.h:6361,
                 from /usr/include/c++/7/string:52,
                 from /usr/include/c++/7/bits/locale_classes.h:40,
                 from /usr/include/c++/7/bits/ios_base.h:41,
                 from /usr/include/c++/7/ios:42,
                 from /usr/include/c++/7/ostream:38,
                 from /usr/include/c++/7/iostream:39,
                 from simulator/cownedobject.h:22,
                 from simulator/carray.h:23,
                 from simulator/omnetpp.h:21,
                 from model/MACRelayUnitBase.h:22,
                 from model/MACRelayUnitNP.h:22,
                 from model/MACRelayUnitNP.cc:18:
/usr/include/x86_64-linux-gnu/bits/stdio2.h:34:43: note: '__builtin___sprintf_chk' output between 19 and 28 bytes into a destination of size 20
       __bos (__s), __fmt, __va_arg_pack ());
                                           ^
/usr/bin/g++                -m64 -c -o model/EtherFrame_m.o -DSPEC -DNDEBUG -Isimulator/platdep -Isimulator -Imodel -DWITH_NETBUILDER  -g -O3  -fno-unsafe-math-optimizations  -fno-tree-loop-vectorize       -fopenmp -DSPEC_OPENMP  -DSPEC_LP64  model/EtherFrame_m.cc
/usr/bin/g++                -m64 -c -o model/EtherApp_m.o -DSPEC -DNDEBUG -Isimulator/platdep -Isimulator -Imodel -DWITH_NETBUILDER  -g -O3  -fno-unsafe-math-optimizations  -fno-tree-loop-vectorize       -fopenmp -DSPEC_OPENMP  -DSPEC_LP64  model/EtherApp_m.cc
/usr/bin/g++                -m64 -c -o model/EtherMAC.o -DSPEC -DNDEBUG -Isimulator/platdep -Isimulator -Imodel -DWITH_NETBUILDER  -g -O3  -fno-unsafe-math-optimizations  -fno-tree-loop-vectorize       -fopenmp -DSPEC_OPENMP  -DSPEC_LP64  model/EtherMAC.cc
/usr/bin/g++                -m64 -c -o model/EtherLLC.o -DSPEC -DNDEBUG -Isimulator/platdep -Isimulator -Imodel -DWITH_NETBUILDER  -g -O3  -fno-unsafe-math-optimizations  -fno-tree-loop-vectorize       -fopenmp -DSPEC_OPENMP  -DSPEC_LP64  model/EtherLLC.cc
/usr/bin/g++                -m64 -c -o model/EtherAppSrv.o -DSPEC -DNDEBUG -Isimulator/platdep -Isimulator -Imodel -DWITH_NETBUILDER  -g -O3  -fno-unsafe-math-optimizations  -fno-tree-loop-vectorize       -fopenmp -DSPEC_OPENMP  -DSPEC_LP64  model/EtherAppSrv.cc
/usr/bin/g++                -m64 -c -o model/EtherMACBase.o -DSPEC -DNDEBUG -Isimulator/platdep -Isimulator -Imodel -DWITH_NETBUILDER  -g -O3  -fno-unsafe-math-optimizations  -fno-tree-loop-vectorize       -fopenmp -DSPEC_OPENMP  -DSPEC_LP64  model/EtherMACBase.cc
/usr/bin/g++                -m64 -c -o model/EtherHub.o -DSPEC -DNDEBUG -Isimulator/platdep -Isimulator -Imodel -DWITH_NETBUILDER  -g -O3  -fno-unsafe-math-optimizations  -fno-tree-loop-vectorize       -fopenmp -DSPEC_OPENMP  -DSPEC_LP64  model/EtherHub.cc
/usr/bin/g++                -m64 -c -o model/EtherAppCli.o -DSPEC -DNDEBUG -Isimulator/platdep -Isimulator -Imodel -DWITH_NETBUILDER  -g -O3  -fno-unsafe-math-optimizations  -fno-tree-loop-vectorize       -fopenmp -DSPEC_OPENMP  -DSPEC_LP64  model/EtherAppCli.cc
/usr/bin/g++                -m64 -c -o model/MACRelayUnitPP.o -DSPEC -DNDEBUG -Isimulator/platdep -Isimulator -Imodel -DWITH_NETBUILDER  -g -O3  -fno-unsafe-math-optimizations  -fno-tree-loop-vectorize       -fopenmp -DSPEC_OPENMP  -DSPEC_LP64  model/MACRelayUnitPP.cc
/usr/bin/g++                -m64 -c -o simulator/sim_std_m.o -DSPEC -DNDEBUG -Isimulator/platdep -Isimulator -Imodel -DWITH_NETBUILDER  -g -O3  -fno-unsafe-math-optimizations  -fno-tree-loop-vectorize       -fopenmp -DSPEC_OPENMP  -DSPEC_LP64  simulator/sim_std_m.cc
/usr/bin/g++                -m64      -g -O3  -fno-unsafe-math-optimizations  -fno-tree-loop-vectorize        -fopenmp -DSPEC_OPENMP  simulator/fileoutscalarmgr.o simulator/xmlgenerator.o simulator/cdisplaystring.o simulator/expression.tab.o simulator/patternmatcher.o simulator/neddtdvalidator.o simulator/cmessage.o simulator/cenvir.o simulator/matchableobject.o simulator/cstringpool.o simulator/nedyylib.o simulator/cgate.o simulator/cconfiguration.o simulator/cdynamicchanneltype.o simulator/cxmlparimpl.o simulator/nedexception.o simulator/csimulation.o simulator/msg2.tab.o simulator/spec_qsort.o simulator/nedelements.o simulator/cdataratechannel.o simulator/clcg32.o simulator/envirbase.o simulator/scenario.o simulator/cstringtokenizer.o simulator/appreg.o simulator/nedsupport.o simulator/cvisitor.o simulator/valueiterator.o simulator/cmodule.o simulator/matchablefield.o simulator/nederror.o simulator/chasher.o simulator/cwatch.o simulator/cparimpl.o simulator/globals.o simulator/cstringparimpl.o simulato
r/speedometer.o simulator/fnamelisttokenizer.o simulator/nedvalidator.o simulator/cpacketqueue.o simulator/ned1generator.o simulator/nedparser.o simulator/ned1.tab.o simulator/ccompoundmodule.o simulator/eventlogwriter.o simulator/cexpressionbuilder.o simulator/cconfigoption.o simulator/cvarhist.o simulator/objectprinter.o simulator/main.o simulator/lex.expryy.o simulator/startup.o simulator/nedutil.o simulator/cmathfunction.o simulator/eventlogfilemgr.o simulator/nedtypeinfo.o simulator/cdoubleparimpl.o simulator/chistogram.o simulator/akaroarng.o simulator/cmessageheap.o simulator/simtime.o simulator/lex.msg2yy.o simulator/cregistrationlist.o simulator/cdetect.o simulator/csimplemodule.o simulator/expression.o simulator/lcgrandom.o simulator/inifilereader.o simulator/errmsg.o simulator/carray.o simulator/runattributes.o simulator/expr.tab.o simulator/sectionbasedconfig.o simulator/ccommbuffer.o simulator/clongparimpl.o simulator/cmsgpar.o simulator/cnamedobject.o simulator/cksplit.o simulator/cxmlelemen
t.o simulator/ned2generator.o simulator/cboolparimpl.o simulator/cdelaychannel.o simulator/cenum.o simulator/onstartup.o simulator/cfsm.o simulator/lex.expressionyy.o simulator/fsutils.o simulator/nedfilebuffer.o simulator/cdynamicmoduletype.o simulator/displaystring.o simulator/enumstr.o simulator/cdensityestbase.o simulator/ctopology.o simulator/cnednetworkbuilder.o simulator/fileglobber.o simulator/cproperties.o simulator/cexception.o simulator/cxmldoccache.o simulator/saxparser_none.o simulator/cparsimcomm.o simulator/stringutil.o simulator/cownedobject.o simulator/linetokenizer.o simulator/nedelement.o simulator/cneddeclaration.o simulator/cdynamicexpression.o simulator/cnedfunction.o simulator/cproperty.o simulator/lex.ned1yy.o simulator/bigdecimal.o simulator/ccomponent.o simulator/clinkedlist.o simulator/nedtools.o simulator/opp_run.o simulator/nedsaxhandler.o simulator/matchexpression.tab.o simulator/cnedloader.o simulator/cpar.o simulator/nedresourcecache.o simulator/nedxmlparser.o simulator/tas
k.o simulator/cclassdescriptor.o simulator/minixpath.o simulator/cstlwatch.o simulator/coutvector.o simulator/args.o simulator/cqueue.o simulator/ned2.tab.o simulator/nedsyntaxvalidator.o simulator/matchexpression.o simulator/cclassfactory.o simulator/exception.o simulator/fileutil.o simulator/distrib.o simulator/cstddev.o simulator/stringtokenizer.o simulator/matchexpressionlexer.o simulator/cstatistic.o simulator/neddtdvalidatorbase.o simulator/nedcrossvalidator.o simulator/ccomponenttype.o simulator/cobject.o simulator/cchannel.o simulator/akoutvectormgr.o simulator/filesnapshotmgr.o simulator/lex.ned2yy.o simulator/ccoroutine.o simulator/unitconversion.o simulator/cdefaultlist.o simulator/util.o simulator/commonutil.o simulator/cscheduler.o simulator/nedfunctions.o simulator/cmersennetwister.o simulator/sim_std_m.o simulator/filereader.o simulator/stringpool.o simulator/cmdenv.o simulator/fileoutvectormgr.o simulator/cpsquare.o simulator/indexedfileoutvectormgr.o simulator/intervals.o model/MACRelayUn
itBase.o model/Ieee802Ctrl_m.o model/EtherEncap.o model/MACAddress.o model/EtherLLC.o model/EtherFrame_m.o model/EtherMAC.o model/MACRelayUnitNP.o model/EtherApp_m.o model/EtherMACBase.o model/EtherAppSrv.o model/MACRelayUnitPP.o model/EtherHub.o model/EtherAppCli.o                      -o omnetpp_s  
Stop make command: 2022-06-26 12:00:35 (1656259235.39372)
Elapsed time for make command: 00:00:17 (17.812716960907)
Issuing options command 'specmake --output-sync --jobs=8 options'
Start options command: 2022-06-26 12:00:35 (1656259235.39619)
COMP: "/usr/bin/g++                -m64 -c -o options.o -DSPEC -DNDEBUG -Isimulator/platdep -Isimulator -Imodel -DWITH_NETBUILDER  -g -O3  -fno-unsafe-math-optimizations  -fno-tree-loop-vectorize       -fopenmp -DSPEC_OPENMP  -DSPEC_LP64  <source>"
C: CXXC="/usr/bin/g++                -m64"
C: CXXOBJOPT="-c -o options"
P: CPUFLAGS="-DSPEC -DNDEBUG"
P: BENCH_FLAGS="-Isimulator/platdep -Isimulator -Imodel -DWITH_NETBUILDER"
P: BENCH_CXXFLAGS=""
O: OPTIMIZE="-g -O3  -fno-unsafe-math-optimizations  -fno-tree-loop-vectorize"
O: CXXOPTIMIZE=""
P: PORTABILITY=""
P: CXXPORTABILITY=""
O: EXTRA_CXXFLAGS=""
O: EXTRA_OPTIMIZE="-fopenmp -DSPEC_OPENMP"
O: EXTRA_CXXOPTIMIZE=""
P: EXTRA_PORTABILITY="-DSPEC_LP64"
P: EXTRA_CXXPORTABILITY=""
LINK: "/usr/bin/g++                -m64      -g -O3  -fno-unsafe-math-optimizations  -fno-tree-loop-vectorize        -fopenmp -DSPEC_OPENMP  <objects>            -o options  "
C: LD="/usr/bin/g++                -m64"
O: OPTIMIZE="-g -O3  -fno-unsafe-math-optimizations  -fno-tree-loop-vectorize"
O: EXTRA_OPTIMIZE="-fopenmp -DSPEC_OPENMP"
C: LDOUT="-o options"
Stop options command: 2022-06-26 12:00:35 (1656259235.5585)
Elapsed time for options command: 00:00:00 (0.16230297088623)
Issuing compiler-version command 'specmake --output-sync --jobs=8 compiler-version'
Start compiler-version command: 2022-06-26 12:00:35 (1656259235.56189)
 CXXC_VERSION_OPTION:
Using built-in specs.
COLLECT_GCC=/usr/bin/g++
COLLECT_LTO_WRAPPER=/usr/lib/gcc/x86_64-linux-gnu/7/lto-wrapper
OFFLOAD_TARGET_NAMES=nvptx-none
OFFLOAD_TARGET_DEFAULT=1
Target: x86_64-linux-gnu
Configured with: ../src/configure -v --with-pkgversion='Ubuntu 7.5.0-3ubuntu1~18.04' --with-bugurl=file:///usr/share/doc/gcc-7/README.Bugs --enable-languages=c,ada,c++,go,brig,d,fortran,objc,obj-c++ --prefix=/usr --with-gcc-major-version-only --program-suffix=-7 --program-prefix=x86_64-linux-gnu- --enable-shared --enable-linker-build-id --libexecdir=/usr/lib --without-included-gettext --enable-threads=posix --libdir=/usr/lib --enable-nls --enable-bootstrap --enable-clocale=gnu --enable-libstdcxx-debug --enable-libstdcxx-time=yes --with-default-libstdcxx-abi=new --enable-gnu-unique-object --disable-vtable-verify --enable-libmpx --enable-plugin --enable-default-pie --with-system-zlib --with-target-system-zlib --enable-objc-gc=auto --enable-multiarch --disable-werror --with-arch-32=i686 --with-abi=m64 --with-multilib-list=m32,m64,mx32 --enable-multilib --with-tune=generic --enable-offload-targets=nvptx-none --without-cuda-driver --enable-checking=release --build=x86_64-linux-gnu --host=x86_64-linux-gnu --tar
get=x86_64-linux-gnu
Thread model: posix
gcc version 7.5.0 (Ubuntu 7.5.0-3ubuntu1~18.04) 
Stop compiler-version command: 2022-06-26 12:00:35 (1656259235.72923)
Elapsed time for compiler-version command: 00:00:00 (0.167336225509644)
  Compile for '620.omnetpp_s' ended at: 2022-06-26 12:00:35 (1656259235)
  Elapsed compile for '620.omnetpp_s': 00:00:18 (18)
COMP: "/usr/bin/g++                -m64 -c -o options.o -DSPEC -DNDEBUG -Isimulator/platdep -Isimulator -Imodel -DWITH_NETBUILDER  -g -O3  -fno-unsafe-math-optimizations  -fno-tree-loop-vectorize       -fopenmp -DSPEC_OPENMP  -DSPEC_LP64  <source>"
C: CXXC="/usr/bin/g++                -m64"
C: CXXOBJOPT="-c -o options"
P: CPUFLAGS="-DSPEC -DNDEBUG"
P: BENCH_FLAGS="-Isimulator/platdep -Isimulator -Imodel -DWITH_NETBUILDER"
P: BENCH_CXXFLAGS=""
O: OPTIMIZE="-g -O3  -fno-unsafe-math-optimizations  -fno-tree-loop-vectorize"
O: CXXOPTIMIZE=""
P: PORTABILITY=""
P: CXXPORTABILITY=""
O: EXTRA_CXXFLAGS=""
O: EXTRA_OPTIMIZE="-fopenmp -DSPEC_OPENMP"
O: EXTRA_CXXOPTIMIZE=""
P: EXTRA_PORTABILITY="-DSPEC_LP64"
P: EXTRA_CXXPORTABILITY=""
LINK: "/usr/bin/g++                -m64      -g -O3  -fno-unsafe-math-optimizations  -fno-tree-loop-vectorize        -fopenmp -DSPEC_OPENMP  <objects>            -o options  "
C: LD="/usr/bin/g++                -m64"
O: OPTIMIZE="-g -O3  -fno-unsafe-math-optimizations  -fno-tree-loop-vectorize"
O: EXTRA_OPTIMIZE="-fopenmp -DSPEC_OPENMP"
C: LDOUT="-o options"
 CXXC_VERSION_OPTION:
Using built-in specs.
COLLECT_GCC=/usr/bin/g++
COLLECT_LTO_WRAPPER=/usr/lib/gcc/x86_64-linux-gnu/7/lto-wrapper
OFFLOAD_TARGET_NAMES=nvptx-none
OFFLOAD_TARGET_DEFAULT=1
Target: x86_64-linux-gnu
Configured with: ../src/configure -v --with-pkgversion='Ubuntu 7.5.0-3ubuntu1~18.04' --with-bugurl=file:///usr/share/doc/gcc-7/README.Bugs --enable-languages=c,ada,c++,go,brig,d,fortran,objc,obj-c++ --prefix=/usr --with-gcc-major-version-only --program-suffix=-7 --program-prefix=x86_64-linux-gnu- --enable-shared --enable-linker-build-id --libexecdir=/usr/lib --without-included-gettext --enable-threads=posix --libdir=/usr/lib --enable-nls --enable-bootstrap --enable-clocale=gnu --enable-libstdcxx-debug --enable-libstdcxx-time=yes --with-default-libstdcxx-abi=new --enable-gnu-unique-object --disable-vtable-verify --enable-libmpx --enable-plugin --enable-default-pie --with-system-zlib --with-target-system-zlib --enable-objc-gc=auto --enable-multiarch --disable-werror --with-arch-32=i686 --with-abi=m64 --with-multilib-list=m32,m64,mx32 --enable-multilib --with-tune=generic --enable-offload-targets=nvptx-none --without-cuda-driver --enable-checking=release --build=x86_64-linux-gnu --host=x86_64-linux-gnu --tar
get=x86_64-linux-gnu
Thread model: posix
gcc version 7.5.0 (Ubuntu 7.5.0-3ubuntu1~18.04) 

Build successes for intspeed: 620.omnetpp_s(base)
Build errors for intspeed: None

Build Complete
runcpu finished at 2022-06-26 12:00:36; 19 total seconds elapsed
Info: file_tail(85658): file '/home/gem5/spec2017/tmp/CPU2017.003/templogs/preenv.intspeed.003.0.debug' was removed and will no longer be followed.  No action is required.
The log for this run is in /home/gem5/spec2017/result/CPU2017.003.log

runcpu finished at 2022-06-26 12:00:36; 20 total seconds elapsed
